  [1m[35m (0.5ms)[0m  [1m[34mSELECT sqlite_version(*)[0m
  ↳ /Users/latifulahad/.rbenv/versions/2.3.1/bin/rake:23
  [1m[35m (4.7ms)[0m  [1m[35mCREATE TABLE "schema_migrations" ("version" varchar NOT NULL PRIMARY KEY)[0m
  ↳ /Users/latifulahad/.rbenv/versions/2.3.1/bin/rake:23
  [1m[35m (1.8ms)[0m  [1m[35mCREATE TABLE "ar_internal_metadata" ("key" varchar NOT NULL PRIMARY KEY, "value" varchar, "created_at" datetime NOT NULL, "updated_at" datetime NOT NULL)[0m
  ↳ /Users/latifulahad/.rbenv/versions/2.3.1/bin/rake:23
  [1m[35m (0.2ms)[0m  [1m[34mSELECT "schema_migrations"."version" FROM "schema_migrations" ORDER BY "schema_migrations"."version" ASC[0m
  ↳ /Users/latifulahad/.rbenv/versions/2.3.1/bin/rake:23
Migrating to CreateUserTable (20190529023149)
  [1m[35m (0.1ms)[0m  [1m[36mbegin transaction[0m
  ↳ /Users/latifulahad/.rbenv/versions/2.3.1/bin/rake:23
  [1m[35m (1.2ms)[0m  [1m[35mCREATE TABLE "users" ("id" integer PRIMARY KEY AUTOINCREMENT NOT NULL, "username" varchar NOT NULL, "created_at" datetime NOT NULL, "updated_at" datetime NOT NULL)[0m
  ↳ db/migrate/20190529023149_create_user_table.rb:3
  [1m[35m (0.3ms)[0m  [1m[35mCREATE UNIQUE INDEX "index_users_on_username" ON "users" ("username")[0m
  ↳ db/migrate/20190529023149_create_user_table.rb:9
  [1m[36mActiveRecord::SchemaMigration Create (0.6ms)[0m  [1m[32mINSERT INTO "schema_migrations" ("version") VALUES (?)[0m  [["version", "20190529023149"]]
  ↳ /Users/latifulahad/.rbenv/versions/2.3.1/bin/rake:23
  [1m[35m (2.7ms)[0m  [1m[36mcommit transaction[0m
  ↳ /Users/latifulahad/.rbenv/versions/2.3.1/bin/rake:23
  [1m[36mActiveRecord::InternalMetadata Load (0.3ms)[0m  [1m[34mSELECT  "ar_internal_metadata".* FROM "ar_internal_metadata" WHERE "ar_internal_metadata"."key" = ? LIMIT ?[0m  [["key", "environment"], ["LIMIT", 1]]
  ↳ /Users/latifulahad/.rbenv/versions/2.3.1/bin/rake:23
  [1m[35m (0.1ms)[0m  [1m[36mbegin transaction[0m
  ↳ /Users/latifulahad/.rbenv/versions/2.3.1/bin/rake:23
  [1m[36mActiveRecord::InternalMetadata Create (0.4ms)[0m  [1m[32mINSERT INTO "ar_internal_metadata" ("key", "value", "created_at", "updated_at") VALUES (?, ?, ?, ?)[0m  [["key", "environment"], ["value", "development"], ["created_at", "2019-05-29 02:34:48.965297"], ["updated_at", "2019-05-29 02:34:48.965297"]]
  ↳ /Users/latifulahad/.rbenv/versions/2.3.1/bin/rake:23
  [1m[35m (2.6ms)[0m  [1m[36mcommit transaction[0m
  ↳ /Users/latifulahad/.rbenv/versions/2.3.1/bin/rake:23
  [1m[35m (0.1ms)[0m  [1m[34mSELECT "schema_migrations"."version" FROM "schema_migrations" ORDER BY "schema_migrations"."version" ASC[0m
  ↳ /Users/latifulahad/.rbenv/versions/2.3.1/bin/rake:23
  [1m[35m (2.3ms)[0m  [1m[34mSELECT "schema_migrations"."version" FROM "schema_migrations" ORDER BY "schema_migrations"."version" ASC[0m
  ↳ /Users/latifulahad/.rbenv/versions/2.3.1/bin/rake:23
Migrating to CreatePollsTable (20190529023917)
  [1m[35m (0.1ms)[0m  [1m[36mbegin transaction[0m
  ↳ /Users/latifulahad/.rbenv/versions/2.3.1/bin/rake:23
  [1m[35m (0.1ms)[0m  [1m[34mSELECT sqlite_version(*)[0m
  ↳ db/migrate/20190529023917_create_polls_table.rb:3
  [1m[35m (0.5ms)[0m  [1m[35mCREATE TABLE "polls" ("id" integer PRIMARY KEY AUTOINCREMENT NOT NULL, "title" varchar NOT NULL, "author_id" integer NOT NULL, "created_at" datetime NOT NULL, "updated_at" datetime NOT NULL)[0m
  ↳ db/migrate/20190529023917_create_polls_table.rb:3
  [1m[35m (0.4ms)[0m  [1m[35mCREATE  INDEX "index_polls_on_author_id" ON "polls" ("author_id")[0m
  ↳ db/migrate/20190529023917_create_polls_table.rb:10
  [1m[36mActiveRecord::SchemaMigration Create (2.1ms)[0m  [1m[32mINSERT INTO "schema_migrations" ("version") VALUES (?)[0m  [["version", "20190529023917"]]
  ↳ /Users/latifulahad/.rbenv/versions/2.3.1/bin/rake:23
  [1m[35m (3.6ms)[0m  [1m[36mcommit transaction[0m
  ↳ /Users/latifulahad/.rbenv/versions/2.3.1/bin/rake:23
  [1m[36mActiveRecord::InternalMetadata Load (2.5ms)[0m  [1m[34mSELECT  "ar_internal_metadata".* FROM "ar_internal_metadata" WHERE "ar_internal_metadata"."key" = ? LIMIT ?[0m  [["key", "environment"], ["LIMIT", 1]]
  ↳ /Users/latifulahad/.rbenv/versions/2.3.1/bin/rake:23
  [1m[35m (0.2ms)[0m  [1m[36mbegin transaction[0m
  ↳ /Users/latifulahad/.rbenv/versions/2.3.1/bin/rake:23
  [1m[35m (0.1ms)[0m  [1m[36mcommit transaction[0m
  ↳ /Users/latifulahad/.rbenv/versions/2.3.1/bin/rake:23
  [1m[35m (0.1ms)[0m  [1m[34mSELECT "schema_migrations"."version" FROM "schema_migrations" ORDER BY "schema_migrations"."version" ASC[0m
  ↳ /Users/latifulahad/.rbenv/versions/2.3.1/bin/rake:23
  [1m[35m (2.4ms)[0m  [1m[34mSELECT "schema_migrations"."version" FROM "schema_migrations" ORDER BY "schema_migrations"."version" ASC[0m
  ↳ /Users/latifulahad/.rbenv/versions/2.3.1/bin/rake:23
Migrating to CreateQuestionsTable (20190529024336)
  [1m[35m (0.1ms)[0m  [1m[36mbegin transaction[0m
  ↳ /Users/latifulahad/.rbenv/versions/2.3.1/bin/rake:23
  [1m[35m (0.2ms)[0m  [1m[34mSELECT sqlite_version(*)[0m
  ↳ db/migrate/20190529024336_create_questions_table.rb:3
  [1m[35m (0.9ms)[0m  [1m[35mCREATE TABLE "questions" ("id" integer PRIMARY KEY AUTOINCREMENT NOT NULL, "text" varchar NOT NULL, "poll_id" integer NOT NULL, "created_at" datetime NOT NULL, "updated_at" datetime NOT NULL)[0m
  ↳ db/migrate/20190529024336_create_questions_table.rb:3
  [1m[35m (0.4ms)[0m  [1m[35mCREATE  INDEX "index_questions_on_poll_id" ON "questions" ("poll_id")[0m
  ↳ db/migrate/20190529024336_create_questions_table.rb:10
  [1m[36mActiveRecord::SchemaMigration Create (2.3ms)[0m  [1m[32mINSERT INTO "schema_migrations" ("version") VALUES (?)[0m  [["version", "20190529024336"]]
  ↳ /Users/latifulahad/.rbenv/versions/2.3.1/bin/rake:23
  [1m[35m (3.6ms)[0m  [1m[36mcommit transaction[0m
  ↳ /Users/latifulahad/.rbenv/versions/2.3.1/bin/rake:23
  [1m[36mActiveRecord::InternalMetadata Load (2.4ms)[0m  [1m[34mSELECT  "ar_internal_metadata".* FROM "ar_internal_metadata" WHERE "ar_internal_metadata"."key" = ? LIMIT ?[0m  [["key", "environment"], ["LIMIT", 1]]
  ↳ /Users/latifulahad/.rbenv/versions/2.3.1/bin/rake:23
  [1m[35m (0.1ms)[0m  [1m[36mbegin transaction[0m
  ↳ /Users/latifulahad/.rbenv/versions/2.3.1/bin/rake:23
  [1m[35m (0.1ms)[0m  [1m[36mcommit transaction[0m
  ↳ /Users/latifulahad/.rbenv/versions/2.3.1/bin/rake:23
  [1m[35m (0.2ms)[0m  [1m[34mSELECT "schema_migrations"."version" FROM "schema_migrations" ORDER BY "schema_migrations"."version" ASC[0m
  ↳ /Users/latifulahad/.rbenv/versions/2.3.1/bin/rake:23
  [1m[35m (2.6ms)[0m  [1m[34mSELECT "schema_migrations"."version" FROM "schema_migrations" ORDER BY "schema_migrations"."version" ASC[0m
  ↳ /Users/latifulahad/.rbenv/versions/2.3.1/bin/rake:23
Migrating to CreateAnswerChoicesTable (20190529024820)
  [1m[35m (0.1ms)[0m  [1m[36mbegin transaction[0m
  ↳ /Users/latifulahad/.rbenv/versions/2.3.1/bin/rake:23
  [1m[35m (0.3ms)[0m  [1m[34mSELECT sqlite_version(*)[0m
  ↳ db/migrate/20190529024820_create_answer_choices_table.rb:3
  [1m[35m (1.8ms)[0m  [1m[35mCREATE TABLE "answer_choices" ("id" integer PRIMARY KEY AUTOINCREMENT NOT NULL, "text" varchar NOT NULL, "question_id" integer NOT NULL, "created_at" datetime NOT NULL, "updated_at" datetime NOT NULL)[0m
  ↳ db/migrate/20190529024820_create_answer_choices_table.rb:3
  [1m[35m (0.2ms)[0m  [1m[35mCREATE  INDEX "index_answer_choices_on_question_id" ON "answer_choices" ("question_id")[0m
  ↳ db/migrate/20190529024820_create_answer_choices_table.rb:10
  [1m[36mActiveRecord::SchemaMigration Create (2.2ms)[0m  [1m[32mINSERT INTO "schema_migrations" ("version") VALUES (?)[0m  [["version", "20190529024820"]]
  ↳ /Users/latifulahad/.rbenv/versions/2.3.1/bin/rake:23
  [1m[35m (3.4ms)[0m  [1m[36mcommit transaction[0m
  ↳ /Users/latifulahad/.rbenv/versions/2.3.1/bin/rake:23
  [1m[36mActiveRecord::InternalMetadata Load (2.4ms)[0m  [1m[34mSELECT  "ar_internal_metadata".* FROM "ar_internal_metadata" WHERE "ar_internal_metadata"."key" = ? LIMIT ?[0m  [["key", "environment"], ["LIMIT", 1]]
  ↳ /Users/latifulahad/.rbenv/versions/2.3.1/bin/rake:23
  [1m[35m (0.1ms)[0m  [1m[36mbegin transaction[0m
  ↳ /Users/latifulahad/.rbenv/versions/2.3.1/bin/rake:23
  [1m[35m (0.2ms)[0m  [1m[36mcommit transaction[0m
  ↳ /Users/latifulahad/.rbenv/versions/2.3.1/bin/rake:23
  [1m[35m (0.2ms)[0m  [1m[34mSELECT "schema_migrations"."version" FROM "schema_migrations" ORDER BY "schema_migrations"."version" ASC[0m
  ↳ /Users/latifulahad/.rbenv/versions/2.3.1/bin/rake:23
  [1m[35m (2.3ms)[0m  [1m[34mSELECT "schema_migrations"."version" FROM "schema_migrations" ORDER BY "schema_migrations"."version" ASC[0m
  ↳ /Users/latifulahad/.rbenv/versions/2.3.1/bin/rake:23
Migrating to CreateResponseTable (20190529025625)
  [1m[35m (0.1ms)[0m  [1m[36mbegin transaction[0m
  ↳ /Users/latifulahad/.rbenv/versions/2.3.1/bin/rake:23
  [1m[35m (0.1ms)[0m  [1m[31mrollback transaction[0m
  ↳ /Users/latifulahad/.rbenv/versions/2.3.1/bin/rake:23
  [1m[35m (2.5ms)[0m  [1m[34mSELECT "schema_migrations"."version" FROM "schema_migrations" ORDER BY "schema_migrations"."version" ASC[0m
  ↳ /Users/latifulahad/.rbenv/versions/2.3.1/bin/rake:23
Migrating to CreateResponseTable (20190529025625)
  [1m[35m (0.2ms)[0m  [1m[36mbegin transaction[0m
  ↳ /Users/latifulahad/.rbenv/versions/2.3.1/bin/rake:23
  [1m[35m (0.2ms)[0m  [1m[34mSELECT sqlite_version(*)[0m
  ↳ db/migrate/20190529025625_create_response_table.rb:3
  [1m[35m (0.7ms)[0m  [1m[35mCREATE TABLE "responses" ("id" integer PRIMARY KEY AUTOINCREMENT NOT NULL, "answer_choice_id" integer NOT NULL, "respondent_id" integer NOT NULL, "created_at" datetime NOT NULL, "updated_at" datetime NOT NULL)[0m
  ↳ db/migrate/20190529025625_create_response_table.rb:3
  [1m[35m (0.1ms)[0m  [1m[35mCREATE  INDEX "index_responses_on_answer_choice_id" ON "responses" ("answer_choice_id")[0m
  ↳ db/migrate/20190529025625_create_response_table.rb:10
  [1m[35m (0.1ms)[0m  [1m[35mCREATE  INDEX "index_responses_on_respondent_id" ON "responses" ("respondent_id")[0m
  ↳ db/migrate/20190529025625_create_response_table.rb:11
  [1m[36mActiveRecord::SchemaMigration Create (0.4ms)[0m  [1m[32mINSERT INTO "schema_migrations" ("version") VALUES (?)[0m  [["version", "20190529025625"]]
  ↳ /Users/latifulahad/.rbenv/versions/2.3.1/bin/rake:23
  [1m[35m (3.6ms)[0m  [1m[36mcommit transaction[0m
  ↳ /Users/latifulahad/.rbenv/versions/2.3.1/bin/rake:23
  [1m[36mActiveRecord::InternalMetadata Load (3.1ms)[0m  [1m[34mSELECT  "ar_internal_metadata".* FROM "ar_internal_metadata" WHERE "ar_internal_metadata"."key" = ? LIMIT ?[0m  [["key", "environment"], ["LIMIT", 1]]
  ↳ /Users/latifulahad/.rbenv/versions/2.3.1/bin/rake:23
  [1m[35m (0.1ms)[0m  [1m[36mbegin transaction[0m
  ↳ /Users/latifulahad/.rbenv/versions/2.3.1/bin/rake:23
  [1m[35m (0.1ms)[0m  [1m[36mcommit transaction[0m
  ↳ /Users/latifulahad/.rbenv/versions/2.3.1/bin/rake:23
  [1m[35m (0.3ms)[0m  [1m[34mSELECT "schema_migrations"."version" FROM "schema_migrations" ORDER BY "schema_migrations"."version" ASC[0m
  ↳ /Users/latifulahad/.rbenv/versions/2.3.1/bin/rake:23
  [1m[35m (2.4ms)[0m  [1m[34mSELECT "schema_migrations"."version" FROM "schema_migrations" ORDER BY "schema_migrations"."version" ASC[0m
  ↳ bin/rails:9
  [1m[35m (0.1ms)[0m  [1m[36mbegin transaction[0m
  ↳ db/seeds.rb:8
  [1m[36mUser Load (2.3ms)[0m  [1m[34mSELECT "users".* FROM "users"[0m
  ↳ db/seeds.rb:9
  [1m[36mPoll Load (2.3ms)[0m  [1m[34mSELECT "polls".* FROM "polls"[0m
  ↳ db/seeds.rb:10
  [1m[36mQuestion Load (0.4ms)[0m  [1m[34mSELECT "questions".* FROM "questions"[0m
  ↳ db/seeds.rb:11
  [1m[36mAnswerChoice Load (2.5ms)[0m  [1m[34mSELECT "answer_choices".* FROM "answer_choices"[0m
  ↳ db/seeds.rb:12
  [1m[36mResponse Load (0.4ms)[0m  [1m[34mSELECT "responses".* FROM "responses"[0m
  ↳ db/seeds.rb:13
  [1m[36mUser Create (2.9ms)[0m  [1m[32mINSERT INTO "users" ("username", "created_at", "updated_at") VALUES (?, ?, ?)[0m  [["username", "Sabit Ahad"], ["created_at", "2019-05-29 03:51:47.887301"], ["updated_at", "2019-05-29 03:51:47.887301"]]
  ↳ db/seeds.rb:15
  [1m[36mUser Create (0.1ms)[0m  [1m[32mINSERT INTO "users" ("username", "created_at", "updated_at") VALUES (?, ?, ?)[0m  [["username", "Suravi Ahad"], ["created_at", "2019-05-29 03:51:47.892177"], ["updated_at", "2019-05-29 03:51:47.892177"]]
  ↳ db/seeds.rb:16
  [1m[36mUser Create (0.1ms)[0m  [1m[32mINSERT INTO "users" ("username", "created_at", "updated_at") VALUES (?, ?, ?)[0m  [["username", "Sanam Mariam"], ["created_at", "2019-05-29 03:51:47.893383"], ["updated_at", "2019-05-29 03:51:47.893383"]]
  ↳ db/seeds.rb:17
  [1m[36mUser Create (0.1ms)[0m  [1m[32mINSERT INTO "users" ("username", "created_at", "updated_at") VALUES (?, ?, ?)[0m  [["username", "Nafiz Donna"], ["created_at", "2019-05-29 03:51:47.894456"], ["updated_at", "2019-05-29 03:51:47.894456"]]
  ↳ db/seeds.rb:18
  [1m[36mUser Create (0.1ms)[0m  [1m[32mINSERT INTO "users" ("username", "created_at", "updated_at") VALUES (?, ?, ?)[0m  [["username", "Rashidul Bhuiyan"], ["created_at", "2019-05-29 03:51:47.895395"], ["updated_at", "2019-05-29 03:51:47.895395"]]
  ↳ db/seeds.rb:19
  [1m[36mPoll Create (2.4ms)[0m  [1m[32mINSERT INTO "polls" ("title", "author_id", "created_at", "updated_at") VALUES (?, ?, ?, ?)[0m  [["title", "Cats Poll"], ["author_id", 1], ["created_at", "2019-05-29 03:51:47.919305"], ["updated_at", "2019-05-29 03:51:47.919305"]]
  ↳ db/seeds.rb:21
  [1m[36mQuestion Create (2.3ms)[0m  [1m[32mINSERT INTO "questions" ("text", "poll_id", "created_at", "updated_at") VALUES (?, ?, ?, ?)[0m  [["text", "What Cat Is Cutest?"], ["poll_id", 1], ["created_at", "2019-05-29 03:51:47.935886"], ["updated_at", "2019-05-29 03:51:47.935886"]]
  ↳ db/seeds.rb:23
  [1m[36mAnswerChoice Create (2.4ms)[0m  [1m[32mINSERT INTO "answer_choices" ("text", "question_id", "created_at", "updated_at") VALUES (?, ?, ?, ?)[0m  [["text", "Tony"], ["question_id", 1], ["created_at", "2019-05-29 03:51:47.949990"], ["updated_at", "2019-05-29 03:51:47.949990"]]
  ↳ db/seeds.rb:24
  [1m[36mAnswerChoice Create (0.1ms)[0m  [1m[32mINSERT INTO "answer_choices" ("text", "question_id", "created_at", "updated_at") VALUES (?, ?, ?, ?)[0m  [["text", "Ninja"], ["question_id", 1], ["created_at", "2019-05-29 03:51:47.954094"], ["updated_at", "2019-05-29 03:51:47.954094"]]
  ↳ db/seeds.rb:25
  [1m[36mAnswerChoice Create (0.2ms)[0m  [1m[32mINSERT INTO "answer_choices" ("text", "question_id", "created_at", "updated_at") VALUES (?, ?, ?, ?)[0m  [["text", "Blacky"], ["question_id", 1], ["created_at", "2019-05-29 03:51:47.955389"], ["updated_at", "2019-05-29 03:51:47.955389"]]
  ↳ db/seeds.rb:26
  [1m[36mQuestion Create (0.1ms)[0m  [1m[32mINSERT INTO "questions" ("text", "poll_id", "created_at", "updated_at") VALUES (?, ?, ?, ?)[0m  [["text", "What do cats like the most?"], ["poll_id", 1], ["created_at", "2019-05-29 03:51:47.957418"], ["updated_at", "2019-05-29 03:51:47.957418"]]
  ↳ db/seeds.rb:28
  [1m[36mAnswerChoice Create (0.1ms)[0m  [1m[32mINSERT INTO "answer_choices" ("text", "question_id", "created_at", "updated_at") VALUES (?, ?, ?, ?)[0m  [["text", "Sleep"], ["question_id", 2], ["created_at", "2019-05-29 03:51:47.958924"], ["updated_at", "2019-05-29 03:51:47.958924"]]
  ↳ db/seeds.rb:29
  [1m[36mAnswerChoice Create (0.1ms)[0m  [1m[32mINSERT INTO "answer_choices" ("text", "question_id", "created_at", "updated_at") VALUES (?, ?, ?, ?)[0m  [["text", "Playing"], ["question_id", 2], ["created_at", "2019-05-29 03:51:47.960221"], ["updated_at", "2019-05-29 03:51:47.960221"]]
  ↳ db/seeds.rb:30
  [1m[36mAnswerChoice Create (0.1ms)[0m  [1m[32mINSERT INTO "answer_choices" ("text", "question_id", "created_at", "updated_at") VALUES (?, ?, ?, ?)[0m  [["text", "Eating"], ["question_id", 2], ["created_at", "2019-05-29 03:51:47.961516"], ["updated_at", "2019-05-29 03:51:47.961516"]]
  ↳ db/seeds.rb:31
  [1m[36mQuestion Create (0.1ms)[0m  [1m[32mINSERT INTO "questions" ("text", "poll_id", "created_at", "updated_at") VALUES (?, ?, ?, ?)[0m  [["text", "Which Toy Is Most Fun?"], ["poll_id", 1], ["created_at", "2019-05-29 03:51:47.962701"], ["updated_at", "2019-05-29 03:51:47.962701"]]
  ↳ db/seeds.rb:33
  [1m[36mAnswerChoice Create (0.1ms)[0m  [1m[32mINSERT INTO "answer_choices" ("text", "question_id", "created_at", "updated_at") VALUES (?, ?, ?, ?)[0m  [["text", "String"], ["question_id", 3], ["created_at", "2019-05-29 03:51:47.964103"], ["updated_at", "2019-05-29 03:51:47.964103"]]
  ↳ db/seeds.rb:34
  [1m[36mAnswerChoice Create (0.3ms)[0m  [1m[32mINSERT INTO "answer_choices" ("text", "question_id", "created_at", "updated_at") VALUES (?, ?, ?, ?)[0m  [["text", "Ball"], ["question_id", 3], ["created_at", "2019-05-29 03:51:47.965313"], ["updated_at", "2019-05-29 03:51:47.965313"]]
  ↳ db/seeds.rb:35
  [1m[36mAnswerChoice Create (0.1ms)[0m  [1m[32mINSERT INTO "answer_choices" ("text", "question_id", "created_at", "updated_at") VALUES (?, ?, ?, ?)[0m  [["text", "Bird"], ["question_id", 3], ["created_at", "2019-05-29 03:51:47.966515"], ["updated_at", "2019-05-29 03:51:47.966515"]]
  ↳ db/seeds.rb:36
  [1m[35m (2.2ms)[0m  [1m[31mrollback transaction[0m
  ↳ db/seeds.rb:8
  [1m[35m (2.5ms)[0m  [1m[34mSELECT "schema_migrations"."version" FROM "schema_migrations" ORDER BY "schema_migrations"."version" ASC[0m
  ↳ bin/rails:9
  [1m[35m (0.1ms)[0m  [1m[36mbegin transaction[0m
  ↳ db/seeds.rb:8
  [1m[36mUser Load (2.3ms)[0m  [1m[34mSELECT "users".* FROM "users"[0m
  ↳ db/seeds.rb:9
  [1m[36mPoll Load (4.7ms)[0m  [1m[34mSELECT "polls".* FROM "polls"[0m
  ↳ db/seeds.rb:10
  [1m[36mQuestion Load (2.2ms)[0m  [1m[34mSELECT "questions".* FROM "questions"[0m
  ↳ db/seeds.rb:11
  [1m[36mAnswerChoice Load (2.1ms)[0m  [1m[34mSELECT "answer_choices".* FROM "answer_choices"[0m
  ↳ db/seeds.rb:12
  [1m[36mResponse Load (2.7ms)[0m  [1m[34mSELECT "responses".* FROM "responses"[0m
  ↳ db/seeds.rb:13
  [1m[36mUser Create (2.9ms)[0m  [1m[32mINSERT INTO "users" ("username", "created_at", "updated_at") VALUES (?, ?, ?)[0m  [["username", "Sabit Ahad"], ["created_at", "2019-05-29 04:03:55.591747"], ["updated_at", "2019-05-29 04:03:55.591747"]]
  ↳ db/seeds.rb:15
  [1m[36mUser Create (0.3ms)[0m  [1m[32mINSERT INTO "users" ("username", "created_at", "updated_at") VALUES (?, ?, ?)[0m  [["username", "Suravi Ahad"], ["created_at", "2019-05-29 04:03:55.596735"], ["updated_at", "2019-05-29 04:03:55.596735"]]
  ↳ db/seeds.rb:16
  [1m[36mUser Create (0.1ms)[0m  [1m[32mINSERT INTO "users" ("username", "created_at", "updated_at") VALUES (?, ?, ?)[0m  [["username", "Sanam Mariam"], ["created_at", "2019-05-29 04:03:55.598912"], ["updated_at", "2019-05-29 04:03:55.598912"]]
  ↳ db/seeds.rb:17
  [1m[36mUser Create (0.1ms)[0m  [1m[32mINSERT INTO "users" ("username", "created_at", "updated_at") VALUES (?, ?, ?)[0m  [["username", "Nafiz Donna"], ["created_at", "2019-05-29 04:03:55.600275"], ["updated_at", "2019-05-29 04:03:55.600275"]]
  ↳ db/seeds.rb:18
  [1m[36mUser Create (0.1ms)[0m  [1m[32mINSERT INTO "users" ("username", "created_at", "updated_at") VALUES (?, ?, ?)[0m  [["username", "Rashidul Bhuiyan"], ["created_at", "2019-05-29 04:03:55.601596"], ["updated_at", "2019-05-29 04:03:55.601596"]]
  ↳ db/seeds.rb:19
  [1m[36mUser Load (0.2ms)[0m  [1m[34mSELECT  "users".* FROM "users" WHERE "users"."id" = ? LIMIT ?[0m  [["id", 1], ["LIMIT", 1]]
  ↳ db/seeds.rb:21
  [1m[36mPoll Create (2.3ms)[0m  [1m[32mINSERT INTO "polls" ("title", "author_id", "created_at", "updated_at") VALUES (?, ?, ?, ?)[0m  [["title", "Cats Poll"], ["author_id", 1], ["created_at", "2019-05-29 04:03:55.655689"], ["updated_at", "2019-05-29 04:03:55.655689"]]
  ↳ db/seeds.rb:21
  [1m[36mPoll Load (0.2ms)[0m  [1m[34mSELECT  "polls".* FROM "polls" WHERE "polls"."id" = ? LIMIT ?[0m  [["id", 1], ["LIMIT", 1]]
  ↳ db/seeds.rb:23
  [1m[36mQuestion Create (2.1ms)[0m  [1m[32mINSERT INTO "questions" ("text", "poll_id", "created_at", "updated_at") VALUES (?, ?, ?, ?)[0m  [["text", "What Cat Is Cutest?"], ["poll_id", 1], ["created_at", "2019-05-29 04:03:55.669532"], ["updated_at", "2019-05-29 04:03:55.669532"]]
  ↳ db/seeds.rb:23
  [1m[36mQuestion Load (0.1ms)[0m  [1m[34mSELECT  "questions".* FROM "questions" WHERE "questions"."id" = ? LIMIT ?[0m  [["id", 1], ["LIMIT", 1]]
  ↳ db/seeds.rb:24
  [1m[36mAnswerChoice Create (2.2ms)[0m  [1m[32mINSERT INTO "answer_choices" ("text", "question_id", "created_at", "updated_at") VALUES (?, ?, ?, ?)[0m  [["text", "Tony"], ["question_id", 1], ["created_at", "2019-05-29 04:03:55.682712"], ["updated_at", "2019-05-29 04:03:55.682712"]]
  ↳ db/seeds.rb:24
  [1m[36mQuestion Load (0.1ms)[0m  [1m[34mSELECT  "questions".* FROM "questions" WHERE "questions"."id" = ? LIMIT ?[0m  [["id", 1], ["LIMIT", 1]]
  ↳ db/seeds.rb:25
  [1m[36mAnswerChoice Create (0.1ms)[0m  [1m[32mINSERT INTO "answer_choices" ("text", "question_id", "created_at", "updated_at") VALUES (?, ?, ?, ?)[0m  [["text", "Ninja"], ["question_id", 1], ["created_at", "2019-05-29 04:03:55.687487"], ["updated_at", "2019-05-29 04:03:55.687487"]]
  ↳ db/seeds.rb:25
  [1m[36mQuestion Load (0.1ms)[0m  [1m[34mSELECT  "questions".* FROM "questions" WHERE "questions"."id" = ? LIMIT ?[0m  [["id", 1], ["LIMIT", 1]]
  ↳ db/seeds.rb:26
  [1m[36mAnswerChoice Create (0.1ms)[0m  [1m[32mINSERT INTO "answer_choices" ("text", "question_id", "created_at", "updated_at") VALUES (?, ?, ?, ?)[0m  [["text", "Blacky"], ["question_id", 1], ["created_at", "2019-05-29 04:03:55.689517"], ["updated_at", "2019-05-29 04:03:55.689517"]]
  ↳ db/seeds.rb:26
  [1m[36mPoll Load (0.1ms)[0m  [1m[34mSELECT  "polls".* FROM "polls" WHERE "polls"."id" = ? LIMIT ?[0m  [["id", 1], ["LIMIT", 1]]
  ↳ db/seeds.rb:28
  [1m[36mQuestion Create (0.2ms)[0m  [1m[32mINSERT INTO "questions" ("text", "poll_id", "created_at", "updated_at") VALUES (?, ?, ?, ?)[0m  [["text", "What do cats like the most?"], ["poll_id", 1], ["created_at", "2019-05-29 04:03:55.692511"], ["updated_at", "2019-05-29 04:03:55.692511"]]
  ↳ db/seeds.rb:28
  [1m[36mQuestion Load (0.1ms)[0m  [1m[34mSELECT  "questions".* FROM "questions" WHERE "questions"."id" = ? LIMIT ?[0m  [["id", 2], ["LIMIT", 1]]
  ↳ db/seeds.rb:29
  [1m[36mAnswerChoice Create (0.2ms)[0m  [1m[32mINSERT INTO "answer_choices" ("text", "question_id", "created_at", "updated_at") VALUES (?, ?, ?, ?)[0m  [["text", "Sleep"], ["question_id", 2], ["created_at", "2019-05-29 04:03:55.695790"], ["updated_at", "2019-05-29 04:03:55.695790"]]
  ↳ db/seeds.rb:29
  [1m[36mQuestion Load (0.1ms)[0m  [1m[34mSELECT  "questions".* FROM "questions" WHERE "questions"."id" = ? LIMIT ?[0m  [["id", 2], ["LIMIT", 1]]
  ↳ db/seeds.rb:30
  [1m[36mAnswerChoice Create (0.1ms)[0m  [1m[32mINSERT INTO "answer_choices" ("text", "question_id", "created_at", "updated_at") VALUES (?, ?, ?, ?)[0m  [["text", "Playing"], ["question_id", 2], ["created_at", "2019-05-29 04:03:55.698642"], ["updated_at", "2019-05-29 04:03:55.698642"]]
  ↳ db/seeds.rb:30
  [1m[36mQuestion Load (0.1ms)[0m  [1m[34mSELECT  "questions".* FROM "questions" WHERE "questions"."id" = ? LIMIT ?[0m  [["id", 2], ["LIMIT", 1]]
  ↳ db/seeds.rb:31
  [1m[36mAnswerChoice Create (0.1ms)[0m  [1m[32mINSERT INTO "answer_choices" ("text", "question_id", "created_at", "updated_at") VALUES (?, ?, ?, ?)[0m  [["text", "Eating"], ["question_id", 2], ["created_at", "2019-05-29 04:03:55.700880"], ["updated_at", "2019-05-29 04:03:55.700880"]]
  ↳ db/seeds.rb:31
  [1m[36mPoll Load (0.1ms)[0m  [1m[34mSELECT  "polls".* FROM "polls" WHERE "polls"."id" = ? LIMIT ?[0m  [["id", 1], ["LIMIT", 1]]
  ↳ db/seeds.rb:33
  [1m[36mQuestion Create (0.1ms)[0m  [1m[32mINSERT INTO "questions" ("text", "poll_id", "created_at", "updated_at") VALUES (?, ?, ?, ?)[0m  [["text", "Which Toy Is Most Fun?"], ["poll_id", 1], ["created_at", "2019-05-29 04:03:55.703654"], ["updated_at", "2019-05-29 04:03:55.703654"]]
  ↳ db/seeds.rb:33
  [1m[36mQuestion Load (0.1ms)[0m  [1m[34mSELECT  "questions".* FROM "questions" WHERE "questions"."id" = ? LIMIT ?[0m  [["id", 3], ["LIMIT", 1]]
  ↳ db/seeds.rb:34
  [1m[36mAnswerChoice Create (0.4ms)[0m  [1m[32mINSERT INTO "answer_choices" ("text", "question_id", "created_at", "updated_at") VALUES (?, ?, ?, ?)[0m  [["text", "String"], ["question_id", 3], ["created_at", "2019-05-29 04:03:55.705984"], ["updated_at", "2019-05-29 04:03:55.705984"]]
  ↳ db/seeds.rb:34
  [1m[36mQuestion Load (0.1ms)[0m  [1m[34mSELECT  "questions".* FROM "questions" WHERE "questions"."id" = ? LIMIT ?[0m  [["id", 3], ["LIMIT", 1]]
  ↳ db/seeds.rb:35
  [1m[36mAnswerChoice Create (0.1ms)[0m  [1m[32mINSERT INTO "answer_choices" ("text", "question_id", "created_at", "updated_at") VALUES (?, ?, ?, ?)[0m  [["text", "Ball"], ["question_id", 3], ["created_at", "2019-05-29 04:03:55.708211"], ["updated_at", "2019-05-29 04:03:55.708211"]]
  ↳ db/seeds.rb:35
  [1m[36mQuestion Load (0.1ms)[0m  [1m[34mSELECT  "questions".* FROM "questions" WHERE "questions"."id" = ? LIMIT ?[0m  [["id", 3], ["LIMIT", 1]]
  ↳ db/seeds.rb:36
  [1m[36mAnswerChoice Create (0.1ms)[0m  [1m[32mINSERT INTO "answer_choices" ("text", "question_id", "created_at", "updated_at") VALUES (?, ?, ?, ?)[0m  [["text", "Bird"], ["question_id", 3], ["created_at", "2019-05-29 04:03:55.710093"], ["updated_at", "2019-05-29 04:03:55.710093"]]
  ↳ db/seeds.rb:36
  [1m[36mUser Load (0.1ms)[0m  [1m[34mSELECT  "users".* FROM "users" WHERE "users"."id" = ? LIMIT ?[0m  [["id", 2], ["LIMIT", 1]]
  ↳ db/seeds.rb:38
  [1m[36mAnswerChoice Load (0.2ms)[0m  [1m[34mSELECT  "answer_choices".* FROM "answer_choices" WHERE "answer_choices"."id" = ? LIMIT ?[0m  [["id", 1], ["LIMIT", 1]]
  ↳ db/seeds.rb:38
  [1m[36mResponse Create (3.0ms)[0m  [1m[32mINSERT INTO "responses" ("answer_choice_id", "respondent_id", "created_at", "updated_at") VALUES (?, ?, ?, ?)[0m  [["answer_choice_id", 1], ["respondent_id", 2], ["created_at", "2019-05-29 04:03:55.723608"], ["updated_at", "2019-05-29 04:03:55.723608"]]
  ↳ db/seeds.rb:38
  [1m[36mUser Load (0.1ms)[0m  [1m[34mSELECT  "users".* FROM "users" WHERE "users"."id" = ? LIMIT ?[0m  [["id", 2], ["LIMIT", 1]]
  ↳ db/seeds.rb:43
  [1m[36mAnswerChoice Load (0.1ms)[0m  [1m[34mSELECT  "answer_choices".* FROM "answer_choices" WHERE "answer_choices"."id" = ? LIMIT ?[0m  [["id", 6], ["LIMIT", 1]]
  ↳ db/seeds.rb:43
  [1m[36mResponse Create (0.2ms)[0m  [1m[32mINSERT INTO "responses" ("answer_choice_id", "respondent_id", "created_at", "updated_at") VALUES (?, ?, ?, ?)[0m  [["answer_choice_id", 6], ["respondent_id", 2], ["created_at", "2019-05-29 04:03:55.730003"], ["updated_at", "2019-05-29 04:03:55.730003"]]
  ↳ db/seeds.rb:43
  [1m[36mUser Load (0.1ms)[0m  [1m[34mSELECT  "users".* FROM "users" WHERE "users"."id" = ? LIMIT ?[0m  [["id", 2], ["LIMIT", 1]]
  ↳ db/seeds.rb:48
  [1m[36mAnswerChoice Load (0.1ms)[0m  [1m[34mSELECT  "answer_choices".* FROM "answer_choices" WHERE "answer_choices"."id" = ? LIMIT ?[0m  [["id", 9], ["LIMIT", 1]]
  ↳ db/seeds.rb:48
  [1m[36mResponse Create (0.2ms)[0m  [1m[32mINSERT INTO "responses" ("answer_choice_id", "respondent_id", "created_at", "updated_at") VALUES (?, ?, ?, ?)[0m  [["answer_choice_id", 9], ["respondent_id", 2], ["created_at", "2019-05-29 04:03:55.732752"], ["updated_at", "2019-05-29 04:03:55.732752"]]
  ↳ db/seeds.rb:48
  [1m[36mUser Load (0.1ms)[0m  [1m[34mSELECT  "users".* FROM "users" WHERE "users"."id" = ? LIMIT ?[0m  [["id", 3], ["LIMIT", 1]]
  ↳ db/seeds.rb:53
  [1m[36mAnswerChoice Load (0.1ms)[0m  [1m[34mSELECT  "answer_choices".* FROM "answer_choices" WHERE "answer_choices"."id" = ? LIMIT ?[0m  [["id", 1], ["LIMIT", 1]]
  ↳ db/seeds.rb:53
  [1m[36mResponse Create (0.2ms)[0m  [1m[32mINSERT INTO "responses" ("answer_choice_id", "respondent_id", "created_at", "updated_at") VALUES (?, ?, ?, ?)[0m  [["answer_choice_id", 1], ["respondent_id", 3], ["created_at", "2019-05-29 04:03:55.737202"], ["updated_at", "2019-05-29 04:03:55.737202"]]
  ↳ db/seeds.rb:53
  [1m[36mUser Load (0.1ms)[0m  [1m[34mSELECT  "users".* FROM "users" WHERE "users"."id" = ? LIMIT ?[0m  [["id", 3], ["LIMIT", 1]]
  ↳ db/seeds.rb:58
  [1m[36mAnswerChoice Load (0.1ms)[0m  [1m[34mSELECT  "answer_choices".* FROM "answer_choices" WHERE "answer_choices"."id" = ? LIMIT ?[0m  [["id", 4], ["LIMIT", 1]]
  ↳ db/seeds.rb:58
  [1m[36mResponse Create (0.1ms)[0m  [1m[32mINSERT INTO "responses" ("answer_choice_id", "respondent_id", "created_at", "updated_at") VALUES (?, ?, ?, ?)[0m  [["answer_choice_id", 4], ["respondent_id", 3], ["created_at", "2019-05-29 04:03:55.741791"], ["updated_at", "2019-05-29 04:03:55.741791"]]
  ↳ db/seeds.rb:58
  [1m[36mUser Load (0.1ms)[0m  [1m[34mSELECT  "users".* FROM "users" WHERE "users"."id" = ? LIMIT ?[0m  [["id", 3], ["LIMIT", 1]]
  ↳ db/seeds.rb:63
  [1m[36mAnswerChoice Load (0.1ms)[0m  [1m[34mSELECT  "answer_choices".* FROM "answer_choices" WHERE "answer_choices"."id" = ? LIMIT ?[0m  [["id", 8], ["LIMIT", 1]]
  ↳ db/seeds.rb:63
  [1m[36mResponse Create (0.1ms)[0m  [1m[32mINSERT INTO "responses" ("answer_choice_id", "respondent_id", "created_at", "updated_at") VALUES (?, ?, ?, ?)[0m  [["answer_choice_id", 8], ["respondent_id", 3], ["created_at", "2019-05-29 04:03:55.745005"], ["updated_at", "2019-05-29 04:03:55.745005"]]
  ↳ db/seeds.rb:63
  [1m[36mUser Load (0.1ms)[0m  [1m[34mSELECT  "users".* FROM "users" WHERE "users"."id" = ? LIMIT ?[0m  [["id", 4], ["LIMIT", 1]]
  ↳ db/seeds.rb:68
  [1m[36mAnswerChoice Load (0.1ms)[0m  [1m[34mSELECT  "answer_choices".* FROM "answer_choices" WHERE "answer_choices"."id" = ? LIMIT ?[0m  [["id", 2], ["LIMIT", 1]]
  ↳ db/seeds.rb:68
  [1m[36mResponse Create (0.1ms)[0m  [1m[32mINSERT INTO "responses" ("answer_choice_id", "respondent_id", "created_at", "updated_at") VALUES (?, ?, ?, ?)[0m  [["answer_choice_id", 2], ["respondent_id", 4], ["created_at", "2019-05-29 04:03:55.759101"], ["updated_at", "2019-05-29 04:03:55.759101"]]
  ↳ db/seeds.rb:68
  [1m[36mUser Load (0.1ms)[0m  [1m[34mSELECT  "users".* FROM "users" WHERE "users"."id" = ? LIMIT ?[0m  [["id", 4], ["LIMIT", 1]]
  ↳ db/seeds.rb:73
  [1m[36mAnswerChoice Load (0.0ms)[0m  [1m[34mSELECT  "answer_choices".* FROM "answer_choices" WHERE "answer_choices"."id" = ? LIMIT ?[0m  [["id", 5], ["LIMIT", 1]]
  ↳ db/seeds.rb:73
  [1m[36mResponse Create (0.1ms)[0m  [1m[32mINSERT INTO "responses" ("answer_choice_id", "respondent_id", "created_at", "updated_at") VALUES (?, ?, ?, ?)[0m  [["answer_choice_id", 5], ["respondent_id", 4], ["created_at", "2019-05-29 04:03:55.761530"], ["updated_at", "2019-05-29 04:03:55.761530"]]
  ↳ db/seeds.rb:73
  [1m[36mUser Load (0.1ms)[0m  [1m[34mSELECT  "users".* FROM "users" WHERE "users"."id" = ? LIMIT ?[0m  [["id", 4], ["LIMIT", 1]]
  ↳ db/seeds.rb:78
  [1m[36mAnswerChoice Load (0.0ms)[0m  [1m[34mSELECT  "answer_choices".* FROM "answer_choices" WHERE "answer_choices"."id" = ? LIMIT ?[0m  [["id", 8], ["LIMIT", 1]]
  ↳ db/seeds.rb:78
  [1m[36mResponse Create (0.1ms)[0m  [1m[32mINSERT INTO "responses" ("answer_choice_id", "respondent_id", "created_at", "updated_at") VALUES (?, ?, ?, ?)[0m  [["answer_choice_id", 8], ["respondent_id", 4], ["created_at", "2019-05-29 04:03:55.763667"], ["updated_at", "2019-05-29 04:03:55.763667"]]
  ↳ db/seeds.rb:78
  [1m[36mUser Load (0.1ms)[0m  [1m[34mSELECT  "users".* FROM "users" WHERE "users"."id" = ? LIMIT ?[0m  [["id", 5], ["LIMIT", 1]]
  ↳ db/seeds.rb:83
  [1m[36mAnswerChoice Load (0.0ms)[0m  [1m[34mSELECT  "answer_choices".* FROM "answer_choices" WHERE "answer_choices"."id" = ? LIMIT ?[0m  [["id", 2], ["LIMIT", 1]]
  ↳ db/seeds.rb:83
  [1m[36mResponse Create (0.1ms)[0m  [1m[32mINSERT INTO "responses" ("answer_choice_id", "respondent_id", "created_at", "updated_at") VALUES (?, ?, ?, ?)[0m  [["answer_choice_id", 2], ["respondent_id", 5], ["created_at", "2019-05-29 04:03:55.765809"], ["updated_at", "2019-05-29 04:03:55.765809"]]
  ↳ db/seeds.rb:83
  [1m[36mUser Load (0.1ms)[0m  [1m[34mSELECT  "users".* FROM "users" WHERE "users"."id" = ? LIMIT ?[0m  [["id", 5], ["LIMIT", 1]]
  ↳ db/seeds.rb:88
  [1m[36mAnswerChoice Load (0.1ms)[0m  [1m[34mSELECT  "answer_choices".* FROM "answer_choices" WHERE "answer_choices"."id" = ? LIMIT ?[0m  [["id", 4], ["LIMIT", 1]]
  ↳ db/seeds.rb:88
  [1m[36mResponse Create (0.1ms)[0m  [1m[32mINSERT INTO "responses" ("answer_choice_id", "respondent_id", "created_at", "updated_at") VALUES (?, ?, ?, ?)[0m  [["answer_choice_id", 4], ["respondent_id", 5], ["created_at", "2019-05-29 04:03:55.768269"], ["updated_at", "2019-05-29 04:03:55.768269"]]
  ↳ db/seeds.rb:88
  [1m[36mUser Load (0.1ms)[0m  [1m[34mSELECT  "users".* FROM "users" WHERE "users"."id" = ? LIMIT ?[0m  [["id", 5], ["LIMIT", 1]]
  ↳ db/seeds.rb:93
  [1m[36mAnswerChoice Load (0.1ms)[0m  [1m[34mSELECT  "answer_choices".* FROM "answer_choices" WHERE "answer_choices"."id" = ? LIMIT ?[0m  [["id", 8], ["LIMIT", 1]]
  ↳ db/seeds.rb:93
  [1m[36mResponse Create (0.1ms)[0m  [1m[32mINSERT INTO "responses" ("answer_choice_id", "respondent_id", "created_at", "updated_at") VALUES (?, ?, ?, ?)[0m  [["answer_choice_id", 8], ["respondent_id", 5], ["created_at", "2019-05-29 04:03:55.770494"], ["updated_at", "2019-05-29 04:03:55.770494"]]
  ↳ db/seeds.rb:93
  [1m[35m (2.8ms)[0m  [1m[36mcommit transaction[0m
  ↳ db/seeds.rb:8
  [1m[36mUser Load (4.0ms)[0m  [1m[34mSELECT "users".* FROM "users"[0m
  [1m[36mPoll Load (5.6ms)[0m  [1m[34mSELECT  "polls".* FROM "polls" ORDER BY "polls"."id" ASC LIMIT ?[0m  [["LIMIT", 1]]
  [1m[36mQuestion Load (2.2ms)[0m  [1m[34mSELECT "questions".* FROM "questions"[0m
  [1m[36mResponse Load (2.4ms)[0m  [1m[34mSELECT "responses".* FROM "responses"[0m
  [1m[36mAnswerChoice Load (2.3ms)[0m  [1m[34mSELECT "answer_choices".* FROM "answer_choices"[0m
  [1m[36mResponse Load (0.5ms)[0m  [1m[34mSELECT  "responses".* FROM "responses" ORDER BY "responses"."id" ASC LIMIT ?[0m  [["LIMIT", 1]]
  [1m[36mAnswerChoice Load (0.2ms)[0m  [1m[34mSELECT  "answer_choices".* FROM "answer_choices" WHERE "answer_choices"."id" = ? LIMIT ?[0m  [["id", 1], ["LIMIT", 1]]
  [1m[36mResponse Load (0.1ms)[0m  [1m[34mSELECT  "responses".* FROM "responses" ORDER BY "responses"."id" ASC LIMIT ?[0m  [["LIMIT", 1]]
  [1m[36mResponse Load (0.2ms)[0m  [1m[34mSELECT  "responses".* FROM "responses" ORDER BY "responses"."id" ASC LIMIT ?[0m  [["LIMIT", 1]]
  [1m[36mQuestion Load (0.2ms)[0m  [1m[34mSELECT  "questions".* FROM "questions" INNER JOIN "answer_choices" ON "questions"."id" = "answer_choices"."question_id" WHERE "answer_choices"."id" = ? LIMIT ?[0m  [["id", 1], ["LIMIT", 1]]
  [1m[36mResponse Load (0.1ms)[0m  [1m[34mSELECT  "responses".* FROM "responses" ORDER BY "responses"."id" ASC LIMIT ?[0m  [["LIMIT", 1]]
  [1m[36mAnswerChoice Load (0.2ms)[0m  [1m[34mSELECT "answer_choices".* FROM "answer_choices" INNER JOIN "questions" ON "questions"."id" = "answer_choices"."question_id" WHERE (answer_choices.id = 1)[0m
  [1m[36mResponse Load (2.1ms)[0m  [1m[34mSELECT  "responses".* FROM "responses" WHERE "responses"."respondent_id" = ? LIMIT ?[0m  [["respondent_id", 1], ["LIMIT", 1]]
  [1m[36mResponse Load (0.1ms)[0m  [1m[34mSELECT  "responses".* FROM "responses" WHERE "responses"."respondent_id" = ? LIMIT ?[0m  [["respondent_id", 2], ["LIMIT", 1]]
  [1m[36mUser Load (7.2ms)[0m  [1m[34mSELECT "users".* FROM "users"[0m
  [1m[36mResponse Load (4.9ms)[0m  [1m[34mSELECT "responses".* FROM "responses"[0m
  [1m[36mResponse Load (1.0ms)[0m  [1m[34mSELECT "responses".* FROM "responses"[0m
  [1m[36mResponse Load (0.4ms)[0m  [1m[34mSELECT  "responses".* FROM "responses" ORDER BY "responses"."id" ASC LIMIT ?[0m  [["LIMIT", 1]]
  [1m[36mQuestion Load (2.9ms)[0m  [1m[34mSELECT  "questions".* FROM "questions" INNER JOIN "answer_choices" ON "questions"."id" = "answer_choices"."question_id" WHERE "answer_choices"."id" = ? LIMIT ?[0m  [["id", 1], ["LIMIT", 1]]
  [1m[36mResponse Load (2.2ms)[0m  [1m[34mSELECT  "responses".* FROM "responses" WHERE "responses"."respondent_id" = ? LIMIT ?[0m  [["respondent_id", 2], ["LIMIT", 1]]
  [1m[36mResponse Load (0.2ms)[0m  [1m[34mSELECT "responses".* FROM "responses" WHERE "responses"."respondent_id" = ?[0m  [["respondent_id", 2]]
  [1m[36mResponse Load (0.2ms)[0m  [1m[34mSELECT "responses".* FROM "responses"[0m
  [1m[36mUser Load (2.1ms)[0m  [1m[34mSELECT  "users".* FROM "users" WHERE "users"."id" = ? LIMIT ?[0m  [["id", 2], ["LIMIT", 1]]
  [1m[36mAnswerChoice Load (2.0ms)[0m  [1m[34mSELECT  "answer_choices".* FROM "answer_choices" WHERE "answer_choices"."id" = ? LIMIT ?[0m  [["id", 5], ["LIMIT", 1]]
  [1m[36mResponse Load (0.3ms)[0m  [1m[34mSELECT "responses".* FROM "responses" WHERE "responses"."respondent_id" IS NULL[0m
  [1m[36mResponse Load (0.2ms)[0m  [1m[34mSELECT "responses".* FROM "responses" WHERE "responses"."respondent_id" IS NULL[0m
  [1m[36mUser Load (0.2ms)[0m  [1m[34mSELECT  "users".* FROM "users" WHERE "users"."id" = ? LIMIT ?[0m  [["id", 2], ["LIMIT", 1]]
  [1m[36mAnswerChoice Load (0.4ms)[0m  [1m[34mSELECT  "answer_choices".* FROM "answer_choices" WHERE "answer_choices"."id" = ? LIMIT ?[0m  [["id", 5], ["LIMIT", 1]]
  [1m[36mResponse Load (2.2ms)[0m  [1m[34mSELECT "responses".* FROM "responses" WHERE "responses"."respondent_id" = ?[0m  [["respondent_id", 2]]
  [1m[36mResponse Load (0.2ms)[0m  [1m[34mSELECT "responses".* FROM "responses" WHERE "responses"."respondent_id" = ?[0m  [["respondent_id", 2]]
  [1m[36mQuestion Load (2.4ms)[0m  [1m[34mSELECT  "questions".* FROM "questions" INNER JOIN "answer_choices" ON "questions"."id" = "answer_choices"."question_id" WHERE "answer_choices"."id" = ? LIMIT ?[0m  [["id", 1], ["LIMIT", 1]]
  [1m[36mQuestion Load (0.2ms)[0m  [1m[34mSELECT  "questions".* FROM "questions" INNER JOIN "answer_choices" ON "questions"."id" = "answer_choices"."question_id" WHERE "answer_choices"."id" = ? LIMIT ?[0m  [["id", 6], ["LIMIT", 1]]
  [1m[36mQuestion Load (0.1ms)[0m  [1m[34mSELECT  "questions".* FROM "questions" INNER JOIN "answer_choices" ON "questions"."id" = "answer_choices"."question_id" WHERE "answer_choices"."id" = ? LIMIT ?[0m  [["id", 9], ["LIMIT", 1]]
  [1m[36mQuestion Load (0.1ms)[0m  [1m[34mSELECT  "questions".* FROM "questions" INNER JOIN "answer_choices" ON "questions"."id" = "answer_choices"."question_id" WHERE "answer_choices"."id" = ? LIMIT ?[0m  [["id", 5], ["LIMIT", 1]]
  [1m[36mResponse Load (2.3ms)[0m  [1m[34mSELECT "responses".* FROM "responses" WHERE "responses"."respondent_id" = ?[0m  [["respondent_id", 2]]
  [1m[36mQuestion Load (2.3ms)[0m  [1m[34mSELECT  "questions".* FROM "questions" INNER JOIN "answer_choices" ON "questions"."id" = "answer_choices"."question_id" WHERE "answer_choices"."id" = ? LIMIT ?[0m  [["id", 1], ["LIMIT", 1]]
  [1m[36mQuestion Load (0.2ms)[0m  [1m[34mSELECT  "questions".* FROM "questions" INNER JOIN "answer_choices" ON "questions"."id" = "answer_choices"."question_id" WHERE "answer_choices"."id" = ? LIMIT ?[0m  [["id", 6], ["LIMIT", 1]]
  [1m[36mQuestion Load (0.2ms)[0m  [1m[34mSELECT  "questions".* FROM "questions" INNER JOIN "answer_choices" ON "questions"."id" = "answer_choices"."question_id" WHERE "answer_choices"."id" = ? LIMIT ?[0m  [["id", 9], ["LIMIT", 1]]
  [1m[36mQuestion Load (0.1ms)[0m  [1m[34mSELECT  "questions".* FROM "questions" INNER JOIN "answer_choices" ON "questions"."id" = "answer_choices"."question_id" WHERE "answer_choices"."id" = ? LIMIT ?[0m  [["id", 5], ["LIMIT", 1]]
  [1m[36mResponse Load (0.3ms)[0m  [1m[34mSELECT "responses".* FROM "responses" WHERE "responses"."respondent_id" = ?[0m  [["respondent_id", 2]]
  [1m[36mQuestion Load (0.4ms)[0m  [1m[34mSELECT  "questions".* FROM "questions" INNER JOIN "answer_choices" ON "questions"."id" = "answer_choices"."question_id" WHERE "answer_choices"."id" = ? LIMIT ?[0m  [["id", 1], ["LIMIT", 1]]
  [1m[36mQuestion Load (0.1ms)[0m  [1m[34mSELECT  "questions".* FROM "questions" INNER JOIN "answer_choices" ON "questions"."id" = "answer_choices"."question_id" WHERE "answer_choices"."id" = ? LIMIT ?[0m  [["id", 6], ["LIMIT", 1]]
  [1m[36mQuestion Load (0.1ms)[0m  [1m[34mSELECT  "questions".* FROM "questions" INNER JOIN "answer_choices" ON "questions"."id" = "answer_choices"."question_id" WHERE "answer_choices"."id" = ? LIMIT ?[0m  [["id", 9], ["LIMIT", 1]]
  [1m[36mQuestion Load (0.2ms)[0m  [1m[34mSELECT  "questions".* FROM "questions" INNER JOIN "answer_choices" ON "questions"."id" = "answer_choices"."question_id" WHERE "answer_choices"."id" = ? LIMIT ?[0m  [["id", 5], ["LIMIT", 1]]
  [1m[36mUser Load (0.3ms)[0m  [1m[34mSELECT  "users".* FROM "users" WHERE "users"."id" = ? LIMIT ?[0m  [["id", 2], ["LIMIT", 1]]
  [1m[36mAnswerChoice Load (0.3ms)[0m  [1m[34mSELECT  "answer_choices".* FROM "answer_choices" WHERE "answer_choices"."id" = ? LIMIT ?[0m  [["id", 5], ["LIMIT", 1]]
  [1m[35m (0.1ms)[0m  [1m[36mbegin transaction[0m
  [1m[36mResponse Load (0.2ms)[0m  [1m[34mSELECT "responses".* FROM "responses" WHERE "responses"."respondent_id" = ?[0m  [["respondent_id", 2]]
  [1m[36mQuestion Load (0.1ms)[0m  [1m[34mSELECT  "questions".* FROM "questions" INNER JOIN "answer_choices" ON "questions"."id" = "answer_choices"."question_id" WHERE "answer_choices"."id" = ? LIMIT ?[0m  [["id", 1], ["LIMIT", 1]]
  [1m[36mQuestion Load (0.1ms)[0m  [1m[34mSELECT  "questions".* FROM "questions" INNER JOIN "answer_choices" ON "questions"."id" = "answer_choices"."question_id" WHERE "answer_choices"."id" = ? LIMIT ?[0m  [["id", 6], ["LIMIT", 1]]
  [1m[36mQuestion Load (0.1ms)[0m  [1m[34mSELECT  "questions".* FROM "questions" INNER JOIN "answer_choices" ON "questions"."id" = "answer_choices"."question_id" WHERE "answer_choices"."id" = ? LIMIT ?[0m  [["id", 9], ["LIMIT", 1]]
  [1m[35m (0.1ms)[0m  [1m[31mrollback transaction[0m
  [1m[36mResponse Load (0.5ms)[0m  [1m[34mSELECT "responses".* FROM "responses"[0m
  [1m[36mQuestion Load (2.4ms)[0m  [1m[34mSELECT  "questions".* FROM "questions" ORDER BY "questions"."id" ASC LIMIT ?[0m  [["LIMIT", 1]]
  [1m[36mQuestion Load (0.2ms)[0m  [1m[34mSELECT  "questions".* FROM "questions" ORDER BY "questions"."id" ASC LIMIT ?[0m  [["LIMIT", 1]]
  [1m[36mResponse Load (2.7ms)[0m  [1m[34mSELECT "responses".* FROM "responses" INNER JOIN "answer_choices" ON "responses"."answer_choice_id" = "answer_choices"."id" WHERE "answer_choices"."question_id" = ?[0m  [["question_id", 1]]
  [1m[36mResponse Load (5.0ms)[0m  [1m[34mSELECT  "responses".* FROM "responses" ORDER BY "responses"."id" ASC LIMIT ?[0m  [["LIMIT", 1]]
  [1m[36mQuestion Load (2.5ms)[0m  [1m[34mSELECT  "questions".* FROM "questions" INNER JOIN "answer_choices" ON "questions"."id" = "answer_choices"."question_id" WHERE "answer_choices"."id" = ? LIMIT ?[0m  [["id", 1], ["LIMIT", 1]]
  [1m[36mResponse Load (5.0ms)[0m  [1m[34mSELECT "responses".* FROM "responses" INNER JOIN "answer_choices" ON "responses"."answer_choice_id" = "answer_choices"."id" WHERE "answer_choices"."question_id" = ? AND "responses"."id" != ?[0m  [["question_id", 1], ["id", 1]]
  [1m[36mAnswerChoice Load (0.2ms)[0m  [1m[34mSELECT "answer_choices".* FROM "answer_choices" WHERE "answer_choices"."question_id" = ?[0m  [["question_id", 1]]
  [1m[36mResponse Load (0.4ms)[0m  [1m[34mSELECT "responses".* FROM "responses"[0m
  [1m[36mResponse Load (1.0ms)[0m  [1m[34mSELECT  "responses".* FROM "responses" ORDER BY "responses"."id" ASC LIMIT ?[0m  [["LIMIT", 1]]
  [1m[36mResponse Load (5.2ms)[0m  [1m[35m   --   SELECT
   --     responses.*
    --  FROM (
        SELECT
          questions.*
        FROM
          questions
        JOIN
          answer_choices ON questions.id = answer_choices.question_id
        WHERE
          answer_choices.id = 1
   --   ) AS questions    -- THIS WILL => * a_choices pertaining to self.a_choice
     -- JOIN
     --   answer_choices ON questions.id = answer_choices.question_id
     -- JOIN
     --   responses ON answer_choices.id = responses.answer_choice_id
    --  WHERE
     --   (1 IS NULL) OR (responses.id != 1)
[0m
  [1m[36mResponse Load (2.0ms)[0m  [1m[34mSELECT  "responses".* FROM "responses" ORDER BY "responses"."id" ASC LIMIT ?[0m  [["LIMIT", 1]]
  [1m[36mResponse Load (3.4ms)[0m  [1m[34m      SELECT
        responses.*
      FROM (
        SELECT
          questions.*
        FROM
          questions
        JOIN
          answer_choices ON questions.id = answer_choices.question_id
        WHERE
          answer_choices.id = 1
      ) AS questions    -- THIS WILL => ques.*_4_self.answer_choice_id
      JOIN
        answer_choices ON questions.id = answer_choices.question_id
      JOIN
        responses ON answer_choices.id = responses.answer_choice_id
      WHERE
        (1 IS NULL) OR (responses.id != 1)
[0m
  [1m[36mResponse Load (2.4ms)[0m  [1m[34mSELECT  "responses".* FROM "responses" ORDER BY "responses"."id" ASC LIMIT ?[0m  [["LIMIT", 1]]
  [1m[36mResponse Load (3.5ms)[0m  [1m[34m      SELECT
        responses.*
      FROM (
        SELECT
          questions.*
        FROM
          questions
        JOIN
          answer_choices ON questions.id = answer_choices.question_id
        WHERE
          answer_choices.id = 1
      ) AS questions    -- THIS WILL => ques.*_4_self.answer_choice_id
      JOIN
        answer_choices ON questions.id = answer_choices.question_id
      JOIN
        responses ON answer_choices.id = responses.answer_choice_id
      WHERE
        (1 IS NULL) OR (responses.id != 1) --notice the first condition,incase the reciever isn't save! yet
[0m
  [1m[36mResponse Load (1.8ms)[0m  [1m[34mSELECT  "responses".* FROM "responses" ORDER BY "responses"."id" ASC LIMIT ?[0m  [["LIMIT", 1]]
  [1m[36mQuestion Load (2.7ms)[0m  [1m[34mSELECT  "questions".* FROM "questions" INNER JOIN "answer_choices" ON "questions"."id" = "answer_choices"."question_id" WHERE "answer_choices"."id" = ? LIMIT ?[0m  [["id", 1], ["LIMIT", 1]]
  [1m[36mResponse Exists (2.5ms)[0m  [1m[34mSELECT  1 AS one FROM "responses" INNER JOIN "answer_choices" ON "responses"."answer_choice_id" = "answer_choices"."id" WHERE "answer_choices"."question_id" = ? AND "responses"."id" != ? AND "responses"."respondent_id" = ? LIMIT ?[0m  [["question_id", 1], ["id", 1], ["respondent_id", 2], ["LIMIT", 1]]
  [1m[36mResponse Load (2.4ms)[0m  [1m[34mSELECT  "responses".* FROM "responses" ORDER BY "responses"."id" ASC LIMIT ?[0m  [["LIMIT", 1]]
  [1m[36mQuestion Load (6.1ms)[0m  [1m[34mSELECT  "questions".* FROM "questions" INNER JOIN "answer_choices" ON "questions"."id" = "answer_choices"."question_id" WHERE "answer_choices"."id" = ? LIMIT ?[0m  [["id", 1], ["LIMIT", 1]]
  [1m[36mResponse Load (3.0ms)[0m  [1m[34mSELECT  "responses".* FROM "responses" INNER JOIN "answer_choices" ON "responses"."answer_choice_id" = "answer_choices"."id" WHERE "answer_choices"."question_id" = ? AND "responses"."id" != ? ORDER BY "responses"."id" ASC LIMIT ?[0m  [["question_id", 1], ["id", 1], ["LIMIT", 1]]
  [1m[36mQuestion Load (0.1ms)[0m  [1m[34mSELECT  "questions".* FROM "questions" INNER JOIN "answer_choices" ON "questions"."id" = "answer_choices"."question_id" WHERE "answer_choices"."id" = ? LIMIT ?[0m  [["id", 1], ["LIMIT", 1]]
  [1m[36mResponse Exists (4.8ms)[0m  [1m[34mSELECT  1 AS one FROM "responses" INNER JOIN "answer_choices" ON "responses"."answer_choice_id" = "answer_choices"."id" WHERE "answer_choices"."question_id" = ? AND "responses"."id" != ? AND "responses"."respondent_id" = ? LIMIT ?[0m  [["question_id", 1], ["id", 4], ["respondent_id", 2], ["LIMIT", 1]]
  [1m[36mResponse Load (0.6ms)[0m  [1m[34m      SELECT
        responses.*
      FROM (
        SELECT
          questions.*
        FROM
          questions
        JOIN
          answer_choices ON questions.id = answer_choices.question_id
        WHERE
          answer_choices.id = 1
      ) AS questions    -- THIS WILL => ques.*_4_self.answer_choice_id
      JOIN
        answer_choices ON questions.id = answer_choices.question_id
      JOIN
        responses ON answer_choices.id = responses.answer_choice_id
      WHERE
        (1 IS NULL) OR (responses.id != 1) --notice the first condition,incase the reciever isn't save! yet
[0m
  [1m[36mResponse Load (0.3ms)[0m  [1m[34m      SELECT
        responses.*
      FROM (
        SELECT
          questions.*
        FROM
          questions
        JOIN
          answer_choices ON questions.id = answer_choices.question_id
        WHERE
          answer_choices.id = 1
      ) AS questions    -- THIS WILL => ques.*_4_self.answer_choice_id
      JOIN
        answer_choices ON questions.id = answer_choices.question_id
      JOIN
        responses ON answer_choices.id = responses.answer_choice_id
      WHERE
        (1 IS NULL) OR (responses.id != 1) --notice the first condition,incase the reciever isn't save! yet
[0m
  [1m[36mResponse Exists (0.2ms)[0m  [1m[34mSELECT  1 AS one FROM "responses" WHERE "responses"."id" = ? LIMIT ?[0m  [["id", 2], ["LIMIT", 1]]
  [1m[36mResponse Load (2.1ms)[0m  [1m[34mSELECT  "responses".* FROM "responses" ORDER BY "responses"."id" ASC LIMIT ?[0m  [["LIMIT", 1]]
  [1m[36mQuestion Load (2.5ms)[0m  [1m[34mSELECT  "questions".* FROM "questions" INNER JOIN "answer_choices" ON "questions"."id" = "answer_choices"."question_id" WHERE "answer_choices"."id" = ? LIMIT ?[0m  [["id", 1], ["LIMIT", 1]]
  [1m[36mResponse Load (6.3ms)[0m  [1m[34mSELECT "responses".* FROM "responses" INNER JOIN "answer_choices" ON "responses"."answer_choice_id" = "answer_choices"."id" WHERE "answer_choices"."question_id" = ?[0m  [["question_id", 1]]
  [1m[36mAnswerChoice Load (2.1ms)[0m  [1m[34mSELECT  "answer_choices".* FROM "answer_choices" WHERE "answer_choices"."id" = ? LIMIT ?[0m  [["id", 2], ["LIMIT", 1]]
  [1m[36mResponse Load (2.6ms)[0m  [1m[34mSELECT "responses".* FROM "responses" WHERE "responses"."respondent_id" = ?[0m  [["respondent_id", 2]]
  [1m[36mQuestion Load (2.1ms)[0m  [1m[34mSELECT  "questions".* FROM "questions" INNER JOIN "answer_choices" ON "questions"."id" = "answer_choices"."question_id" WHERE "answer_choices"."id" = ? LIMIT ?[0m  [["id", 1], ["LIMIT", 1]]
  [1m[36mQuestion Load (0.2ms)[0m  [1m[34mSELECT  "questions".* FROM "questions" INNER JOIN "answer_choices" ON "questions"."id" = "answer_choices"."question_id" WHERE "answer_choices"."id" = ? LIMIT ?[0m  [["id", 6], ["LIMIT", 1]]
  [1m[36mQuestion Load (0.4ms)[0m  [1m[34mSELECT  "questions".* FROM "questions" INNER JOIN "answer_choices" ON "questions"."id" = "answer_choices"."question_id" WHERE "answer_choices"."id" = ? LIMIT ?[0m  [["id", 9], ["LIMIT", 1]]
  [1m[36mQuestion Load (0.2ms)[0m  [1m[34mSELECT  "questions".* FROM "questions" INNER JOIN "answer_choices" ON "questions"."id" = "answer_choices"."question_id" WHERE "answer_choices"."id" = ? LIMIT ?[0m  [["id", 2], ["LIMIT", 1]]
  [1m[36mResponse Load (2.5ms)[0m  [1m[34mSELECT "responses".* FROM "responses" INNER JOIN "answer_choices" ON "responses"."answer_choice_id" = "answer_choices"."id" WHERE "answer_choices"."question_id" = ?[0m  [["question_id", 1]]
  [1m[36mUser Load (2.0ms)[0m  [1m[34mSELECT  "users".* FROM "users" WHERE "users"."id" = ? LIMIT ?[0m  [["id", 2], ["LIMIT", 1]]
  [1m[36mAnswerChoice Load (2.1ms)[0m  [1m[34mSELECT  "answer_choices".* FROM "answer_choices" WHERE "answer_choices"."id" = ? LIMIT ?[0m  [["id", 1], ["LIMIT", 1]]
  [1m[36mResponse Load (2.1ms)[0m  [1m[34mSELECT "responses".* FROM "responses" WHERE "responses"."respondent_id" = ?[0m  [["respondent_id", 1]]
  [1m[36mQuestion Load (2.4ms)[0m  [1m[34mSELECT  "questions".* FROM "questions" INNER JOIN "answer_choices" ON "questions"."id" = "answer_choices"."question_id" WHERE "answer_choices"."id" = ? LIMIT ?[0m  [["id", 1], ["LIMIT", 1]]
  [1m[36mResponse Load (2.5ms)[0m  [1m[34mSELECT "responses".* FROM "responses" INNER JOIN "answer_choices" ON "responses"."answer_choice_id" = "answer_choices"."id" WHERE "answer_choices"."question_id" = ?[0m  [["question_id", 1]]
  [1m[36mUser Exists (1.1ms)[0m  [1m[34mSELECT  1 AS one FROM "users" INNER JOIN "polls" ON "polls"."author_id" = "users"."id" WHERE "users"."poll_id" = ? LIMIT ?[0m  [["poll_id", 1], ["LIMIT", 1]]
  [1m[36mAnswerChoice Load (4.7ms)[0m  [1m[34mSELECT  "answer_choices".* FROM "answer_choices" WHERE "answer_choices"."id" = ? LIMIT ?[0m  [["id", 1], ["LIMIT", 1]]
  [1m[36mResponse Load (2.4ms)[0m  [1m[34mSELECT "responses".* FROM "responses" WHERE "responses"."respondent_id" = ?[0m  [["respondent_id", 1]]
  [1m[36mQuestion Load (2.0ms)[0m  [1m[34mSELECT  "questions".* FROM "questions" INNER JOIN "answer_choices" ON "questions"."id" = "answer_choices"."question_id" WHERE "answer_choices"."id" = ? LIMIT ?[0m  [["id", 1], ["LIMIT", 1]]
  [1m[36mResponse Load (2.8ms)[0m  [1m[34mSELECT "responses".* FROM "responses" INNER JOIN "answer_choices" ON "responses"."answer_choice_id" = "answer_choices"."id" WHERE "answer_choices"."question_id" = ?[0m  [["question_id", 1]]
  [1m[36mUser Exists (2.2ms)[0m  [1m[34mSELECT  1 AS one FROM "users" INNER JOIN "polls" ON "polls"."author_id" = "users"."id" WHERE (polls.id = 1) LIMIT ?[0m  [["LIMIT", 1]]
  [1m[36mUser Load (0.2ms)[0m  [1m[34mSELECT  "users".* FROM "users" WHERE "users"."id" = ? LIMIT ?[0m  [["id", 1], ["LIMIT", 1]]
  [1m[36mAnswerChoice Load (0.1ms)[0m  [1m[34mSELECT  "answer_choices".* FROM "answer_choices" WHERE "answer_choices"."id" = ? LIMIT ?[0m  [["id", 1], ["LIMIT", 1]]
  [1m[36mResponse Load (0.2ms)[0m  [1m[34mSELECT "responses".* FROM "responses" WHERE "responses"."respondent_id" = ?[0m  [["respondent_id", 1]]
  [1m[36mQuestion Load (0.3ms)[0m  [1m[34mSELECT  "questions".* FROM "questions" INNER JOIN "answer_choices" ON "questions"."id" = "answer_choices"."question_id" WHERE "answer_choices"."id" = ? LIMIT ?[0m  [["id", 1], ["LIMIT", 1]]
  [1m[36mResponse Load (1.0ms)[0m  [1m[34mSELECT "responses".* FROM "responses" INNER JOIN "answer_choices" ON "responses"."answer_choice_id" = "answer_choices"."id" WHERE "answer_choices"."question_id" = ?[0m  [["question_id", 1]]
  [1m[36mUser Exists (0.2ms)[0m  [1m[34mSELECT  1 AS one FROM "users" INNER JOIN "polls" ON "polls"."author_id" = "users"."id" WHERE (polls.id = 1) LIMIT ?[0m  [["LIMIT", 1]]
  [1m[36mUser Load (0.3ms)[0m  [1m[34mSELECT  "users".* FROM "users" WHERE "users"."id" = ? LIMIT ?[0m  [["id", 1], ["LIMIT", 1]]
  [1m[36mQuestion Load (0.2ms)[0m  [1m[34mSELECT  "questions".* FROM "questions" ORDER BY "questions"."id" ASC LIMIT ?[0m  [["LIMIT", 1]]
  [1m[36mQuestion Load (0.2ms)[0m  [1m[34mSELECT  "questions".* FROM "questions" ORDER BY "questions"."id" ASC LIMIT ?[0m  [["LIMIT", 1]]
  [1m[36mAnswerChoice Load (0.2ms)[0m  [1m[34mSELECT "answer_choices".* FROM "answer_choices" WHERE "answer_choices"."question_id" = ?[0m  [["question_id", 1]]
  [1m[35m (3.0ms)[0m  [1m[34mSELECT COUNT(*) FROM "responses" WHERE "responses"."answer_choice_id" = ?[0m  [["answer_choice_id", 1]]
  [1m[35m (0.2ms)[0m  [1m[34mSELECT COUNT(*) FROM "responses" WHERE "responses"."answer_choice_id" = ?[0m  [["answer_choice_id", 2]]
  [1m[35m (0.2ms)[0m  [1m[34mSELECT COUNT(*) FROM "responses" WHERE "responses"."answer_choice_id" = ?[0m  [["answer_choice_id", 3]]
  [1m[36mQuestion Load (0.1ms)[0m  [1m[34mSELECT  "questions".* FROM "questions" ORDER BY "questions"."id" ASC LIMIT ?[0m  [["LIMIT", 1]]
  [1m[36mAnswerChoice Load (0.2ms)[0m  [1m[34mSELECT "answer_choices".* FROM "answer_choices" WHERE "answer_choices"."question_id" = ?[0m  [["question_id", 1]]
  [1m[36mResponse Load (0.9ms)[0m  [1m[34mSELECT "responses".* FROM "responses" WHERE "responses"."answer_choice_id" IN (?, ?, ?)[0m  [["answer_choice_id", 1], ["answer_choice_id", 2], ["answer_choice_id", 3]]
  [1m[36mQuestion Load (0.2ms)[0m  [1m[34mSELECT  "questions".* FROM "questions" ORDER BY "questions"."id" ASC LIMIT ?[0m  [["LIMIT", 1]]
  [1m[36mAnswerChoice Load (0.5ms)[0m  [1m[34m    SELECT 
      answer_choices.text, COUNT(responses.*) as amt
    FROM 
      answer_choices 
    JOIN responses 
      ON responses.answer_choice_id = answer_choices.id
    WHERE 
      answer_choices.question_id = 1
    GROUP BY
      answer_choices.id 
[0m
  [1m[36mQuestion Load (0.2ms)[0m  [1m[34mSELECT  "questions".* FROM "questions" ORDER BY "questions"."id" ASC LIMIT ?[0m  [["LIMIT", 1]]
  [1m[36mAnswerChoice Load (0.3ms)[0m  [1m[34m    SELECT 
      answer_choices.text, COUNT(responses.id) as amt
    FROM 
      answer_choices 
    JOIN responses 
      ON responses.answer_choice_id = answer_choices.id
    WHERE 
      answer_choices.question_id = 1
    GROUP BY
      answer_choices.id 
[0m
  [1m[36mQuestion Load (0.1ms)[0m  [1m[34mSELECT  "questions".* FROM "questions" ORDER BY "questions"."id" ASC LIMIT ?[0m  [["LIMIT", 1]]
  [1m[36mAnswerChoice Load (0.2ms)[0m  [1m[34m    SELECT 
      answer_choices.text, COUNT(responses.id) as amt
    FROM 
      answer_choices 
    JOIN responses 
      ON responses.answer_choice_id = answer_choices.id
    WHERE 
      answer_choices.question_id = 1
    GROUP BY
      answer_choices.id 
[0m
  [1m[36mQuestion Load (0.6ms)[0m  [1m[34mSELECT  "questions".* FROM "questions" ORDER BY "questions"."id" ASC LIMIT ?[0m  [["LIMIT", 1]]
  [1m[36mAnswerChoice Load (2.5ms)[0m  [1m[34m    SELECT 
      answer_choices.text, COUNT(responses.id) as amt
    FROM 
      answer_choices 
    JOIN responses 
      ON responses.answer_choice_id = answer_choices.id
    WHERE 
      answer_choices.question_id = 1
    GROUP BY
      answer_choices.id 
[0m
  [1m[36mAnswerChoice Load (7.4ms)[0m  [1m[34mSELECT "answer_choices".* FROM "answer_choices"[0m
  [1m[36mAnswerChoice Load (0.3ms)[0m  [1m[34mSELECT  "answer_choices".* FROM "answer_choices" ORDER BY "answer_choices"."id" ASC LIMIT ?[0m  [["LIMIT", 1]]
