  [1m[35m (0.1ms)[0m  [1m[34mSELECT sqlite_version(*)[0m
  ↳ bin/rails:9
  [1m[35m (4.5ms)[0m  [1m[35mCREATE TABLE "schema_migrations" ("version" varchar NOT NULL PRIMARY KEY)[0m
  ↳ bin/rails:9
  [1m[35m (0.9ms)[0m  [1m[35mCREATE TABLE "ar_internal_metadata" ("key" varchar NOT NULL PRIMARY KEY, "value" varchar, "created_at" datetime NOT NULL, "updated_at" datetime NOT NULL)[0m
  ↳ bin/rails:9
  [1m[35m (0.6ms)[0m  [1m[34mSELECT "schema_migrations"."version" FROM "schema_migrations" ORDER BY "schema_migrations"."version" ASC[0m
  ↳ bin/rails:9
Migrating to Createuserstable (20190706224241)
  [1m[35m (0.1ms)[0m  [1m[36mbegin transaction[0m
  ↳ bin/rails:9
  [1m[35m (0.4ms)[0m  [1m[35mCREATE TABLE "users" ("id" integer PRIMARY KEY AUTOINCREMENT NOT NULL, "username" varchar NOT NULL, "password_digest" varchar NOT NULL, "session_token" varchar NOT NULL, "created_at" datetime NOT NULL, "updated_at" datetime NOT NULL)[0m
  ↳ db/migrate/20190706224241_createuserstable.rb:3
  [1m[35m (0.2ms)[0m  [1m[35mCREATE UNIQUE INDEX "index_users_on_password_digest" ON "users" ("password_digest")[0m
  ↳ db/migrate/20190706224241_createuserstable.rb:11
  [1m[35m (0.1ms)[0m  [1m[35mCREATE UNIQUE INDEX "index_users_on_session_token" ON "users" ("session_token")[0m
  ↳ db/migrate/20190706224241_createuserstable.rb:12
  [1m[36mActiveRecord::SchemaMigration Create (0.3ms)[0m  [1m[32mINSERT INTO "schema_migrations" ("version") VALUES (?)[0m  [["version", "20190706224241"]]
  ↳ bin/rails:9
  [1m[35m (2.4ms)[0m  [1m[36mcommit transaction[0m
  ↳ bin/rails:9
  [1m[36mActiveRecord::InternalMetadata Load (0.2ms)[0m  [1m[34mSELECT  "ar_internal_metadata".* FROM "ar_internal_metadata" WHERE "ar_internal_metadata"."key" = ? LIMIT ?[0m  [["key", "environment"], ["LIMIT", 1]]
  ↳ bin/rails:9
  [1m[35m (0.1ms)[0m  [1m[36mbegin transaction[0m
  ↳ bin/rails:9
  [1m[36mActiveRecord::InternalMetadata Create (0.5ms)[0m  [1m[32mINSERT INTO "ar_internal_metadata" ("key", "value", "created_at", "updated_at") VALUES (?, ?, ?, ?)[0m  [["key", "environment"], ["value", "development"], ["created_at", "2019-07-06 22:51:25.260337"], ["updated_at", "2019-07-06 22:51:25.260337"]]
  ↳ bin/rails:9
  [1m[35m (2.5ms)[0m  [1m[36mcommit transaction[0m
  ↳ bin/rails:9
  [1m[35m (0.3ms)[0m  [1m[34mSELECT "schema_migrations"."version" FROM "schema_migrations" ORDER BY "schema_migrations"."version" ASC[0m
  ↳ bin/rails:9
  [1m[36mUser Load (4.1ms)[0m  [1m[34mSELECT "users".* FROM "users"[0m
  [1m[36mUser Load (2.3ms)[0m  [1m[34mSELECT "users".* FROM "users"[0m
  [1m[36mUser Load (2.2ms)[0m  [1m[34mSELECT "users".* FROM "users"[0m
  [1m[36mUser Exists (0.2ms)[0m  [1m[34mSELECT  1 AS one FROM "users" WHERE "users"."username" = ? LIMIT ?[0m  [["username", "LatifulAhad3"], ["LIMIT", 1]]
  [1m[36mUser Exists (3.0ms)[0m  [1m[34mSELECT  1 AS one FROM "users" WHERE "users"."session_token" = ? LIMIT ?[0m  [["session_token", "_OaWvxaDa-8PQlDF31LKLw"], ["LIMIT", 1]]
  [1m[36mUser Exists (2.5ms)[0m  [1m[34mSELECT  1 AS one FROM "users" WHERE "users"."username" = ? LIMIT ?[0m  [["username", "latifulahad"], ["LIMIT", 1]]
  [1m[36mUser Exists (2.6ms)[0m  [1m[34mSELECT  1 AS one FROM "users" WHERE "users"."session_token" = ? LIMIT ?[0m  [["session_token", "svu1IXQirKrVqa3F_xDV3A"], ["LIMIT", 1]]
  [1m[35m (0.1ms)[0m  [1m[36mbegin transaction[0m
  [1m[36mUser Exists (0.2ms)[0m  [1m[34mSELECT  1 AS one FROM "users" WHERE "users"."username" = ? LIMIT ?[0m  [["username", "latifulahad"], ["LIMIT", 1]]
  [1m[36mUser Exists (0.1ms)[0m  [1m[34mSELECT  1 AS one FROM "users" WHERE "users"."session_token" = ? LIMIT ?[0m  [["session_token", "svu1IXQirKrVqa3F_xDV3A"], ["LIMIT", 1]]
  [1m[36mUser Create (3.4ms)[0m  [1m[32mINSERT INTO "users" ("username", "password_digest", "session_token", "created_at", "updated_at") VALUES (?, ?, ?, ?, ?)[0m  [["username", "latifulahad"], ["password_digest", "$2a$12$XjHZsMaADMUXw4QIUMdMSuBUrwM53s0eHWof2Mh/nuTrnpbZXSBJe"], ["session_token", "svu1IXQirKrVqa3F_xDV3A"], ["created_at", "2019-07-07 00:13:06.323403"], ["updated_at", "2019-07-07 00:13:06.323403"]]
  [1m[35m (3.2ms)[0m  [1m[36mcommit transaction[0m
  [1m[36mUser Load (0.3ms)[0m  [1m[34mSELECT "users".* FROM "users"[0m
  [1m[36mUser Load (0.3ms)[0m  [1m[34mSELECT  "users".* FROM "users" WHERE "users"."username" = ? LIMIT ?[0m  [["username", "latifulahad"], ["LIMIT", 1]]
  [1m[36mUser Load (0.3ms)[0m  [1m[34mSELECT  "users".* FROM "users" WHERE "users"."username" = ? LIMIT ?[0m  [["username", "latifulahad"], ["LIMIT", 1]]
  [1m[36mUser Load (0.2ms)[0m  [1m[34mSELECT  "users".* FROM "users" WHERE "users"."username" = ? LIMIT ?[0m  [["username", "latifulahad"], ["LIMIT", 1]]
  [1m[36mUser Load (0.3ms)[0m  [1m[34mSELECT  "users".* FROM "users" WHERE "users"."username" = ? LIMIT ?[0m  [["username", "latifulahad"], ["LIMIT", 1]]
  [1m[36mUser Load (0.2ms)[0m  [1m[34mSELECT  "users".* FROM "users" WHERE "users"."username" = ? LIMIT ?[0m  [["username", "latifulahad"], ["LIMIT", 1]]
  [1m[36mUser Load (0.3ms)[0m  [1m[34mSELECT  "users".* FROM "users" ORDER BY "users"."id" ASC LIMIT ?[0m  [["LIMIT", 1]]
  [1m[36mUser Load (1.3ms)[0m  [1m[34mSELECT  "users".* FROM "users" WHERE "users"."username" = ? LIMIT ?[0m  [["username", "latifulahad"], ["LIMIT", 1]]
  [1m[35m (0.1ms)[0m  [1m[36mbegin transaction[0m
  [1m[36mUser Exists (0.2ms)[0m  [1m[34mSELECT  1 AS one FROM "users" WHERE "users"."username" = ? AND "users"."id" != ? LIMIT ?[0m  [["username", "latifulahad"], ["id", 1], ["LIMIT", 1]]
  [1m[36mUser Exists (0.1ms)[0m  [1m[34mSELECT  1 AS one FROM "users" WHERE "users"."session_token" = ? AND "users"."id" != ? LIMIT ?[0m  [["session_token", "sghrhUSO9gmw8wJPbEHKSA"], ["id", 1], ["LIMIT", 1]]
  [1m[36mUser Update (5.9ms)[0m  [1m[33mUPDATE "users" SET "session_token" = ?, "updated_at" = ? WHERE "users"."id" = ?[0m  [["session_token", "sghrhUSO9gmw8wJPbEHKSA"], ["updated_at", "2019-07-07 00:31:56.504241"], ["id", 1]]
  [1m[35m (3.4ms)[0m  [1m[36mcommit transaction[0m
  [1m[36mUser Exists (0.3ms)[0m  [1m[34mSELECT  1 AS one FROM "users" WHERE "users"."username" = ? LIMIT ?[0m  [["username", "suravi1"], ["LIMIT", 1]]
  [1m[36mUser Exists (0.3ms)[0m  [1m[34mSELECT  1 AS one FROM "users" WHERE "users"."session_token" = ? LIMIT ?[0m  [["session_token", "mmWlNKLrLjXdrDI9YMJboA"], ["LIMIT", 1]]
  [1m[36mUser Exists (0.3ms)[0m  [1m[34mSELECT  1 AS one FROM "users" WHERE "users"."username" = ? LIMIT ?[0m  [["username", "suravi1"], ["LIMIT", 1]]
  [1m[36mUser Exists (0.4ms)[0m  [1m[34mSELECT  1 AS one FROM "users" WHERE "users"."session_token" = ? LIMIT ?[0m  [["session_token", "mmWlNKLrLjXdrDI9YMJboA"], ["LIMIT", 1]]
  [1m[36mUser Exists (0.2ms)[0m  [1m[34mSELECT  1 AS one FROM "users" WHERE "users"."username" = ? LIMIT ?[0m  [["username", "suravi1"], ["LIMIT", 1]]
  [1m[36mUser Exists (0.1ms)[0m  [1m[34mSELECT  1 AS one FROM "users" WHERE "users"."session_token" = ? LIMIT ?[0m  [["session_token", "mmWlNKLrLjXdrDI9YMJboA"], ["LIMIT", 1]]
  [1m[35m (0.1ms)[0m  [1m[36mbegin transaction[0m
  [1m[36mUser Exists (0.3ms)[0m  [1m[34mSELECT  1 AS one FROM "users" WHERE "users"."username" = ? LIMIT ?[0m  [["username", "suravi1"], ["LIMIT", 1]]
  [1m[36mUser Exists (0.2ms)[0m  [1m[34mSELECT  1 AS one FROM "users" WHERE "users"."session_token" = ? LIMIT ?[0m  [["session_token", "mmWlNKLrLjXdrDI9YMJboA"], ["LIMIT", 1]]
  [1m[36mUser Create (0.5ms)[0m  [1m[32mINSERT INTO "users" ("username", "password_digest", "session_token", "created_at", "updated_at") VALUES (?, ?, ?, ?, ?)[0m  [["username", "suravi1"], ["password_digest", "iluvhome"], ["session_token", "mmWlNKLrLjXdrDI9YMJboA"], ["created_at", "2019-07-07 00:35:31.134738"], ["updated_at", "2019-07-07 00:35:31.134738"]]
  [1m[35m (2.4ms)[0m  [1m[36mcommit transaction[0m
  [1m[36mUser Load (0.5ms)[0m  [1m[34mSELECT "users".* FROM "users"[0m
  [1m[35m (0.1ms)[0m  [1m[36mbegin transaction[0m
  [1m[36mUser Exists (0.3ms)[0m  [1m[34mSELECT  1 AS one FROM "users" WHERE "users"."username" = ? AND "users"."id" != ? LIMIT ?[0m  [["username", "suravi1"], ["id", 2], ["LIMIT", 1]]
  [1m[36mUser Exists (0.1ms)[0m  [1m[34mSELECT  1 AS one FROM "users" WHERE "users"."session_token" = ? AND "users"."id" != ? LIMIT ?[0m  [["session_token", "mmWlNKLrLjXdrDI9YMJboA"], ["id", 2], ["LIMIT", 1]]
  [1m[36mUser Update (0.3ms)[0m  [1m[33mUPDATE "users" SET "password_digest" = ?, "updated_at" = ? WHERE "users"."id" = ?[0m  [["password_digest", "$2a$12$V4561j67J814Boxuifs3wuOz1HOmgPYm9J4eYlHLGPO1bJGwnZrL."], ["updated_at", "2019-07-07 00:37:17.245972"], ["id", 2]]
  [1m[35m (2.3ms)[0m  [1m[36mcommit transaction[0m
  [1m[36mUser Load (0.3ms)[0m  [1m[34mSELECT "users".* FROM "users"[0m
