  [1m[35m (531.8ms)[0m  [1m[35mCREATE DATABASE "TodoP3_development" ENCODING = 'unicode'[0m
  ↳ bin/rails:9
  [1m[35m (369.7ms)[0m  [1m[35mCREATE DATABASE "TodoP3_test" ENCODING = 'unicode'[0m
  ↳ bin/rails:9
  [1m[35m (119.0ms)[0m  [1m[35mCREATE TABLE "schema_migrations" ("version" character varying NOT NULL PRIMARY KEY)[0m
  ↳ bin/rails:9
  [1m[35m (20.1ms)[0m  [1m[35mCREATE TABLE "ar_internal_metadata" ("key" character varying NOT NULL PRIMARY KEY, "value" character varying, "created_at" timestamp NOT NULL, "updated_at" timestamp NOT NULL)[0m
  ↳ bin/rails:9
  [1m[35m (4.9ms)[0m  [1m[34mSELECT pg_try_advisory_lock(7104796042700113485)[0m
  ↳ bin/rails:9
  [1m[35m (4.0ms)[0m  [1m[34mSELECT "schema_migrations"."version" FROM "schema_migrations" ORDER BY "schema_migrations"."version" ASC[0m
  ↳ bin/rails:9
Migrating to CreateTodosTable (20191224234400)
  [1m[35m (2.6ms)[0m  [1m[35mBEGIN[0m
  ↳ bin/rails:9
  [1m[35m (36.3ms)[0m  [1m[35mCREATE TABLE "todos" ("id" bigserial primary key, "title" character varying NOT NULL, "body" character varying NOT NULL, "done" boolean NOT NULL, "created_at" timestamp NOT NULL, "updated_at" timestamp NOT NULL)[0m
  ↳ db/migrate/20191224234400_create_todos_table.rb:3
  [1m[36mActiveRecord::SchemaMigration Create (6.7ms)[0m  [1m[32mINSERT INTO "schema_migrations" ("version") VALUES ($1) RETURNING "version"[0m  [["version", "20191224234400"]]
  ↳ bin/rails:9
  [1m[35m (2.9ms)[0m  [1m[35mCOMMIT[0m
  ↳ bin/rails:9
  [1m[36mActiveRecord::InternalMetadata Load (1.6ms)[0m  [1m[34mSELECT  "ar_internal_metadata".* FROM "ar_internal_metadata" WHERE "ar_internal_metadata"."key" = $1 LIMIT $2[0m  [["key", "environment"], ["LIMIT", 1]]
  ↳ bin/rails:9
  [1m[35m (0.2ms)[0m  [1m[35mBEGIN[0m
  ↳ bin/rails:9
  [1m[36mActiveRecord::InternalMetadata Create (4.3ms)[0m  [1m[32mINSERT INTO "ar_internal_metadata" ("key", "value", "created_at", "updated_at") VALUES ($1, $2, $3, $4) RETURNING "key"[0m  [["key", "environment"], ["value", "development"], ["created_at", "2019-12-24 23:49:49.492690"], ["updated_at", "2019-12-24 23:49:49.492690"]]
  ↳ bin/rails:9
  [1m[35m (2.3ms)[0m  [1m[35mCOMMIT[0m
  ↳ bin/rails:9
  [1m[35m (0.3ms)[0m  [1m[34mSELECT pg_advisory_unlock(7104796042700113485)[0m
  ↳ bin/rails:9
  [1m[35m (2.5ms)[0m  [1m[34mSELECT "schema_migrations"."version" FROM "schema_migrations" ORDER BY "schema_migrations"."version" ASC[0m
  ↳ bin/rails:9
  [1m[35m (16.5ms)[0m  [1m[35mBEGIN[0m
  [1m[36mTodo Create (78.4ms)[0m  [1m[32mINSERT INTO "todos" ("title", "body", "done", "created_at", "updated_at") VALUES ($1, $2, $3, $4, $5) RETURNING "id"[0m  [["title", "Pack lunch"], ["body", "Vegetarian"], ["done", false], ["created_at", "2019-12-25 23:38:07.127845"], ["updated_at", "2019-12-25 23:38:07.127845"]]
  [1m[35m (1.3ms)[0m  [1m[35mCOMMIT[0m
  [1m[36mTodo Load (18.4ms)[0m  [1m[34mSELECT "todos".* FROM "todos"[0m
  [1m[36mTodo Destroy (12.1ms)[0m  [1m[31mDELETE FROM "todos" WHERE "todos"."id" = $1[0m  [["id", 1]]
  [1m[36mTodo Load (0.7ms)[0m  [1m[34mSELECT "todos".* FROM "todos"[0m
  [1m[35m (0.2ms)[0m  [1m[35mBEGIN[0m
  [1m[35m (0.3ms)[0m  [1m[31mROLLBACK[0m
  [1m[35m (0.2ms)[0m  [1m[35mBEGIN[0m
  [1m[36mTodo Create (1.5ms)[0m  [1m[32mINSERT INTO "todos" ("title", "body", "done", "created_at", "updated_at") VALUES ($1, $2, $3, $4, $5) RETURNING "id"[0m  [["title", "Make cider"], ["body", "with apples"], ["done", false], ["created_at", "2019-12-26 00:27:47.948500"], ["updated_at", "2019-12-26 00:27:47.948500"]]
  [1m[35m (2.7ms)[0m  [1m[35mCOMMIT[0m
  [1m[35m (0.2ms)[0m  [1m[35mBEGIN[0m
  [1m[36mTodo Create (0.6ms)[0m  [1m[32mINSERT INTO "todos" ("title", "body", "done", "created_at", "updated_at") VALUES ($1, $2, $3, $4, $5) RETURNING "id"[0m  [["title", "Call friend"], ["body", "before dinner"], ["done", false], ["created_at", "2019-12-26 00:28:44.479929"], ["updated_at", "2019-12-26 00:28:44.479929"]]
  [1m[35m (2.2ms)[0m  [1m[35mCOMMIT[0m
  [1m[36mTodo Load (0.7ms)[0m  [1m[34mSELECT "todos".* FROM "todos"[0m
  [1m[35m (0.2ms)[0m  [1m[35mBEGIN[0m
  [1m[36mTodo Create (0.6ms)[0m  [1m[32mINSERT INTO "todos" ("title", "body", "done", "created_at", "updated_at") VALUES ($1, $2, $3, $4, $5) RETURNING "id"[0m  [["title", "Work on prj"], ["body", "Complete 20 percent"], ["done", false], ["created_at", "2019-12-26 00:29:43.481612"], ["updated_at", "2019-12-26 00:29:43.481612"]]
  [1m[35m (2.1ms)[0m  [1m[35mCOMMIT[0m
  [1m[36mTodo Load (0.5ms)[0m  [1m[34mSELECT "todos".* FROM "todos"[0m
  [1m[36mTodo Load (36.6ms)[0m  [1m[34mSELECT  "todos".* FROM "todos" WHERE "todos"."id" = $1 LIMIT $2[0m  [["id", 1], ["LIMIT", 1]]
  [1m[36mTodo Load (0.5ms)[0m  [1m[34mSELECT  "todos".* FROM "todos" WHERE "todos"."id" = $1 LIMIT $2[0m  [["id", 1], ["LIMIT", 1]]
  [1m[36mTodo Load (0.5ms)[0m  [1m[34mSELECT  "todos".* FROM "todos" WHERE "todos"."id" = $1 LIMIT $2[0m  [["id", 1], ["LIMIT", 1]]
  [1m[36mTodo Load (4.0ms)[0m  [1m[34mSELECT  "todos".* FROM "todos" WHERE "todos"."id" = $1 LIMIT $2[0m  [["id", 2], ["LIMIT", 1]]
  [1m[36mTodo Load (2.7ms)[0m  [1m[34mSELECT "todos".* FROM "todos"[0m
  [1m[35m (3.6ms)[0m  [1m[35mBEGIN[0m
  [1m[36mTodo Update (19.8ms)[0m  [1m[33mUPDATE "todos" SET "done" = $1, "updated_at" = $2 WHERE "todos"."id" = $3[0m  [["done", true], ["updated_at", "2019-12-26 22:07:10.125940"], ["id", 2]]
  [1m[35m (4.1ms)[0m  [1m[35mCOMMIT[0m
  [1m[35m (1.3ms)[0m  [1m[35mBEGIN[0m
  [1m[36mTodo Update (2.6ms)[0m  [1m[33mUPDATE "todos" SET "done" = $1, "updated_at" = $2 WHERE "todos"."id" = $3[0m  [["done", false], ["updated_at", "2019-12-26 22:25:11.152538"], ["id", 2]]
  [1m[35m (2.3ms)[0m  [1m[35mCOMMIT[0m
  [1m[36mTodo Load (0.7ms)[0m  [1m[34mSELECT "todos".* FROM "todos"[0m
Started GET "/users/8" for ::1 at 2019-12-26 19:09:59 -0500
  [1m[35m (16.9ms)[0m  [1m[34mSELECT "schema_migrations"."version" FROM "schema_migrations" ORDER BY "schema_migrations"."version" ASC[0m
  ↳ /Users/latifulahad/.rbenv/versions/2.5.1/lib/ruby/gems/2.5.0/gems/activerecord-5.2.4.1/lib/active_record/log_subscriber.rb:98
  
ActionController::RoutingError (No route matches [GET] "/users/8"):
  
actionpack (5.2.4.1) lib/action_dispatch/middleware/debug_exceptions.rb:65:in `call'
web-console (3.7.0) lib/web_console/middleware.rb:135:in `call_app'
web-console (3.7.0) lib/web_console/middleware.rb:30:in `block in call'
web-console (3.7.0) lib/web_console/middleware.rb:20:in `catch'
web-console (3.7.0) lib/web_console/middleware.rb:20:in `call'
actionpack (5.2.4.1) lib/action_dispatch/middleware/show_exceptions.rb:33:in `call'
railties (5.2.4.1) lib/rails/rack/logger.rb:38:in `call_app'
railties (5.2.4.1) lib/rails/rack/logger.rb:26:in `block in call'
activesupport (5.2.4.1) lib/active_support/tagged_logging.rb:71:in `block in tagged'
activesupport (5.2.4.1) lib/active_support/tagged_logging.rb:28:in `tagged'
activesupport (5.2.4.1) lib/active_support/tagged_logging.rb:71:in `tagged'
railties (5.2.4.1) lib/rails/rack/logger.rb:26:in `call'
sprockets-rails (3.2.1) lib/sprockets/rails/quiet_assets.rb:13:in `call'
actionpack (5.2.4.1) lib/action_dispatch/middleware/remote_ip.rb:81:in `call'
actionpack (5.2.4.1) lib/action_dispatch/middleware/request_id.rb:27:in `call'
rack (2.0.8) lib/rack/method_override.rb:22:in `call'
rack (2.0.8) lib/rack/runtime.rb:22:in `call'
activesupport (5.2.4.1) lib/active_support/cache/strategy/local_cache_middleware.rb:29:in `call'
actionpack (5.2.4.1) lib/action_dispatch/middleware/executor.rb:14:in `call'
actionpack (5.2.4.1) lib/action_dispatch/middleware/static.rb:127:in `call'
rack (2.0.8) lib/rack/sendfile.rb:111:in `call'
railties (5.2.4.1) lib/rails/engine.rb:524:in `call'
puma (3.12.2) lib/puma/configuration.rb:227:in `call'
puma (3.12.2) lib/puma/server.rb:674:in `handle_request'
puma (3.12.2) lib/puma/server.rb:476:in `process_client'
puma (3.12.2) lib/puma/server.rb:334:in `block in run'
puma (3.12.2) lib/puma/thread_pool.rb:135:in `block in spawn_thread'
Started GET "/" for ::1 at 2019-12-26 19:10:00 -0500
Processing by StaticPagesController#root as HTML
  Rendering static_pages/index.html.erb within layouts/application
  Rendered static_pages/index.html.erb within layouts/application (0.6ms)
Completed 500 Internal Server Error in 252ms (ActiveRecord: 0.0ms)



Sprockets::FileNotFound - couldn't find file 'jquery' with type 'application/javascript'
Checked in these paths: 
  /Users/latifulahad/Desktop/App:A Work/Immersive_Course_Folders/w7/TodoP3/app/assets/config
  /Users/latifulahad/Desktop/App:A Work/Immersive_Course_Folders/w7/TodoP3/app/assets/images
  /Users/latifulahad/Desktop/App:A Work/Immersive_Course_Folders/w7/TodoP3/app/assets/javascripts
  /Users/latifulahad/Desktop/App:A Work/Immersive_Course_Folders/w7/TodoP3/app/assets/stylesheets
  /Users/latifulahad/.rbenv/versions/2.5.1/lib/ruby/gems/2.5.0/gems/coffee-rails-4.2.2/lib/assets/javascripts
  /Users/latifulahad/.rbenv/versions/2.5.1/lib/ruby/gems/2.5.0/gems/actioncable-5.2.4.1/lib/assets/compiled
  /Users/latifulahad/.rbenv/versions/2.5.1/lib/ruby/gems/2.5.0/gems/activestorage-5.2.4.1/app/assets/javascripts
  /Users/latifulahad/.rbenv/versions/2.5.1/lib/ruby/gems/2.5.0/gems/actionview-5.2.4.1/lib/assets/compiled
  /Users/latifulahad/.rbenv/versions/2.5.1/lib/ruby/gems/2.5.0/gems/turbolinks-source-5.2.0/lib/assets/javascripts
  /Users/latifulahad/Desktop/App:A Work/Immersive_Course_Folders/w7/TodoP3/node_modules:
  app/views/layouts/application.html.erb:8:in `_app_views_layouts_application_html_erb__766840945675202919_70253413007640'
  app/controllers/static_pages_controller.rb:4:in `root'

Started POST "/__better_errors/fd2342ee8cf56416/variables" for ::1 at 2019-12-26 19:10:01 -0500
Started GET "/" for ::1 at 2019-12-26 19:11:50 -0500
Processing by StaticPagesController#root as HTML
  Rendering static_pages/index.html.erb within layouts/application
  Rendered static_pages/index.html.erb within layouts/application (3.1ms)
Completed 500 Internal Server Error in 60ms (ActiveRecord: 0.0ms)



Sprockets::FileNotFound - couldn't find file 'jquery' with type 'application/javascript'
Checked in these paths: 
  /Users/latifulahad/Desktop/App:A Work/Immersive_Course_Folders/w7/TodoP3/app/assets/config
  /Users/latifulahad/Desktop/App:A Work/Immersive_Course_Folders/w7/TodoP3/app/assets/images
  /Users/latifulahad/Desktop/App:A Work/Immersive_Course_Folders/w7/TodoP3/app/assets/javascripts
  /Users/latifulahad/Desktop/App:A Work/Immersive_Course_Folders/w7/TodoP3/app/assets/stylesheets
  /Users/latifulahad/.rbenv/versions/2.5.1/lib/ruby/gems/2.5.0/gems/coffee-rails-4.2.2/lib/assets/javascripts
  /Users/latifulahad/.rbenv/versions/2.5.1/lib/ruby/gems/2.5.0/gems/actioncable-5.2.4.1/lib/assets/compiled
  /Users/latifulahad/.rbenv/versions/2.5.1/lib/ruby/gems/2.5.0/gems/activestorage-5.2.4.1/app/assets/javascripts
  /Users/latifulahad/.rbenv/versions/2.5.1/lib/ruby/gems/2.5.0/gems/actionview-5.2.4.1/lib/assets/compiled
  /Users/latifulahad/.rbenv/versions/2.5.1/lib/ruby/gems/2.5.0/gems/turbolinks-source-5.2.0/lib/assets/javascripts
  /Users/latifulahad/Desktop/App:A Work/Immersive_Course_Folders/w7/TodoP3/node_modules:
  app/views/layouts/application.html.erb:8:in `_app_views_layouts_application_html_erb__766840945675202919_70253439170700'
  app/controllers/static_pages_controller.rb:4:in `root'

Started POST "/__better_errors/47e72252afab3aa1/variables" for ::1 at 2019-12-26 19:11:50 -0500
Started GET "/" for ::1 at 2019-12-26 19:13:49 -0500
Processing by StaticPagesController#root as HTML
  Rendering static_pages/index.html.erb within layouts/application
  Rendered static_pages/index.html.erb within layouts/application (0.5ms)
Completed 500 Internal Server Error in 48ms (ActiveRecord: 0.0ms)



Sprockets::FileNotFound - couldn't find file 'jquery' with type 'application/javascript'
Checked in these paths: 
  /Users/latifulahad/Desktop/App:A Work/Immersive_Course_Folders/w7/TodoP3/app/assets/config
  /Users/latifulahad/Desktop/App:A Work/Immersive_Course_Folders/w7/TodoP3/app/assets/images
  /Users/latifulahad/Desktop/App:A Work/Immersive_Course_Folders/w7/TodoP3/app/assets/javascripts
  /Users/latifulahad/Desktop/App:A Work/Immersive_Course_Folders/w7/TodoP3/app/assets/stylesheets
  /Users/latifulahad/.rbenv/versions/2.5.1/lib/ruby/gems/2.5.0/gems/coffee-rails-4.2.2/lib/assets/javascripts
  /Users/latifulahad/.rbenv/versions/2.5.1/lib/ruby/gems/2.5.0/gems/actioncable-5.2.4.1/lib/assets/compiled
  /Users/latifulahad/.rbenv/versions/2.5.1/lib/ruby/gems/2.5.0/gems/activestorage-5.2.4.1/app/assets/javascripts
  /Users/latifulahad/.rbenv/versions/2.5.1/lib/ruby/gems/2.5.0/gems/actionview-5.2.4.1/lib/assets/compiled
  /Users/latifulahad/.rbenv/versions/2.5.1/lib/ruby/gems/2.5.0/gems/turbolinks-source-5.2.0/lib/assets/javascripts
  /Users/latifulahad/Desktop/App:A Work/Immersive_Course_Folders/w7/TodoP3/node_modules:
  app/views/layouts/application.html.erb:8:in `_app_views_layouts_application_html_erb__766840945675202919_70253401675780'
  app/controllers/static_pages_controller.rb:4:in `root'

Started POST "/__better_errors/f9d6807ae48243ab/variables" for ::1 at 2019-12-26 19:13:50 -0500
Started GET "/" for ::1 at 2019-12-26 19:13:55 -0500
Processing by StaticPagesController#root as HTML
  Rendering static_pages/index.html.erb within layouts/application
  Rendered static_pages/index.html.erb within layouts/application (0.3ms)
Completed 500 Internal Server Error in 17ms (ActiveRecord: 0.0ms)



Sprockets::FileNotFound - couldn't find file 'jquery' with type 'application/javascript'
Checked in these paths: 
  /Users/latifulahad/Desktop/App:A Work/Immersive_Course_Folders/w7/TodoP3/app/assets/config
  /Users/latifulahad/Desktop/App:A Work/Immersive_Course_Folders/w7/TodoP3/app/assets/images
  /Users/latifulahad/Desktop/App:A Work/Immersive_Course_Folders/w7/TodoP3/app/assets/javascripts
  /Users/latifulahad/Desktop/App:A Work/Immersive_Course_Folders/w7/TodoP3/app/assets/stylesheets
  /Users/latifulahad/.rbenv/versions/2.5.1/lib/ruby/gems/2.5.0/gems/coffee-rails-4.2.2/lib/assets/javascripts
  /Users/latifulahad/.rbenv/versions/2.5.1/lib/ruby/gems/2.5.0/gems/actioncable-5.2.4.1/lib/assets/compiled
  /Users/latifulahad/.rbenv/versions/2.5.1/lib/ruby/gems/2.5.0/gems/activestorage-5.2.4.1/app/assets/javascripts
  /Users/latifulahad/.rbenv/versions/2.5.1/lib/ruby/gems/2.5.0/gems/actionview-5.2.4.1/lib/assets/compiled
  /Users/latifulahad/.rbenv/versions/2.5.1/lib/ruby/gems/2.5.0/gems/turbolinks-source-5.2.0/lib/assets/javascripts
  /Users/latifulahad/Desktop/App:A Work/Immersive_Course_Folders/w7/TodoP3/node_modules:
  app/views/layouts/application.html.erb:8:in `_app_views_layouts_application_html_erb__766840945675202919_70253392348840'
  app/controllers/static_pages_controller.rb:4:in `root'

Started POST "/__better_errors/c419d5177fd86f37/variables" for ::1 at 2019-12-26 19:13:55 -0500
Started GET "/" for ::1 at 2019-12-26 19:15:21 -0500
Processing by StaticPagesController#root as HTML
  Rendering static_pages/index.html.erb within layouts/application
  Rendered static_pages/index.html.erb within layouts/application (1.0ms)
Completed 500 Internal Server Error in 26ms (ActiveRecord: 0.0ms)



Sprockets::FileNotFound - couldn't find file 'jquery' with type 'application/javascript'
Checked in these paths: 
  /Users/latifulahad/Desktop/App:A Work/Immersive_Course_Folders/w7/TodoP3/app/assets/config
  /Users/latifulahad/Desktop/App:A Work/Immersive_Course_Folders/w7/TodoP3/app/assets/images
  /Users/latifulahad/Desktop/App:A Work/Immersive_Course_Folders/w7/TodoP3/app/assets/javascripts
  /Users/latifulahad/Desktop/App:A Work/Immersive_Course_Folders/w7/TodoP3/app/assets/stylesheets
  /Users/latifulahad/.rbenv/versions/2.5.1/lib/ruby/gems/2.5.0/gems/coffee-rails-4.2.2/lib/assets/javascripts
  /Users/latifulahad/.rbenv/versions/2.5.1/lib/ruby/gems/2.5.0/gems/actioncable-5.2.4.1/lib/assets/compiled
  /Users/latifulahad/.rbenv/versions/2.5.1/lib/ruby/gems/2.5.0/gems/activestorage-5.2.4.1/app/assets/javascripts
  /Users/latifulahad/.rbenv/versions/2.5.1/lib/ruby/gems/2.5.0/gems/actionview-5.2.4.1/lib/assets/compiled
  /Users/latifulahad/.rbenv/versions/2.5.1/lib/ruby/gems/2.5.0/gems/turbolinks-source-5.2.0/lib/assets/javascripts
  /Users/latifulahad/Desktop/App:A Work/Immersive_Course_Folders/w7/TodoP3/node_modules:
  app/views/layouts/application.html.erb:9:in `_app_views_layouts_application_html_erb__766840945675202919_70253423025480'
  app/controllers/static_pages_controller.rb:4:in `root'

Started POST "/__better_errors/10579e72b9089b27/variables" for ::1 at 2019-12-26 19:15:21 -0500
Started GET "/" for ::1 at 2019-12-26 19:17:26 -0500
Processing by StaticPagesController#root as HTML
  Rendering static_pages/index.html.erb within layouts/application
  Rendered static_pages/index.html.erb within layouts/application (2.7ms)
Completed 500 Internal Server Error in 182ms (ActiveRecord: 0.0ms)



Sprockets::FileNotFound - couldn't find file 'jquery' with type 'application/javascript'
Checked in these paths: 
  /Users/latifulahad/Desktop/App:A Work/Immersive_Course_Folders/w7/TodoP3/app/assets/config
  /Users/latifulahad/Desktop/App:A Work/Immersive_Course_Folders/w7/TodoP3/app/assets/images
  /Users/latifulahad/Desktop/App:A Work/Immersive_Course_Folders/w7/TodoP3/app/assets/javascripts
  /Users/latifulahad/Desktop/App:A Work/Immersive_Course_Folders/w7/TodoP3/app/assets/stylesheets
  /Users/latifulahad/.rbenv/versions/2.5.1/lib/ruby/gems/2.5.0/gems/coffee-rails-4.2.2/lib/assets/javascripts
  /Users/latifulahad/.rbenv/versions/2.5.1/lib/ruby/gems/2.5.0/gems/actioncable-5.2.4.1/lib/assets/compiled
  /Users/latifulahad/.rbenv/versions/2.5.1/lib/ruby/gems/2.5.0/gems/activestorage-5.2.4.1/app/assets/javascripts
  /Users/latifulahad/.rbenv/versions/2.5.1/lib/ruby/gems/2.5.0/gems/actionview-5.2.4.1/lib/assets/compiled
  /Users/latifulahad/.rbenv/versions/2.5.1/lib/ruby/gems/2.5.0/gems/turbolinks-source-5.2.0/lib/assets/javascripts
  /Users/latifulahad/Desktop/App:A Work/Immersive_Course_Folders/w7/TodoP3/node_modules:
  app/views/layouts/application.html.erb:9:in `_app_views_layouts_application_html_erb__766840945675202919_70253421943600'
  app/controllers/static_pages_controller.rb:4:in `root'

Started POST "/__better_errors/59eba66cf44d74ce/variables" for ::1 at 2019-12-26 19:17:26 -0500
Started GET "/" for ::1 at 2019-12-26 19:18:22 -0500
Processing by StaticPagesController#root as HTML
  Rendering static_pages/index.html.erb within layouts/application
  Rendered static_pages/index.html.erb within layouts/application (0.5ms)
Completed 500 Internal Server Error in 22ms (ActiveRecord: 0.0ms)



Sprockets::FileNotFound - couldn't find file 'jquery' with type 'application/javascript'
Checked in these paths: 
  /Users/latifulahad/Desktop/App:A Work/Immersive_Course_Folders/w7/TodoP3/app/assets/config
  /Users/latifulahad/Desktop/App:A Work/Immersive_Course_Folders/w7/TodoP3/app/assets/images
  /Users/latifulahad/Desktop/App:A Work/Immersive_Course_Folders/w7/TodoP3/app/assets/javascripts
  /Users/latifulahad/Desktop/App:A Work/Immersive_Course_Folders/w7/TodoP3/app/assets/stylesheets
  /Users/latifulahad/.rbenv/versions/2.5.1/lib/ruby/gems/2.5.0/gems/coffee-rails-4.2.2/lib/assets/javascripts
  /Users/latifulahad/.rbenv/versions/2.5.1/lib/ruby/gems/2.5.0/gems/actioncable-5.2.4.1/lib/assets/compiled
  /Users/latifulahad/.rbenv/versions/2.5.1/lib/ruby/gems/2.5.0/gems/activestorage-5.2.4.1/app/assets/javascripts
  /Users/latifulahad/.rbenv/versions/2.5.1/lib/ruby/gems/2.5.0/gems/actionview-5.2.4.1/lib/assets/compiled
  /Users/latifulahad/.rbenv/versions/2.5.1/lib/ruby/gems/2.5.0/gems/turbolinks-source-5.2.0/lib/assets/javascripts
  /Users/latifulahad/Desktop/App:A Work/Immersive_Course_Folders/w7/TodoP3/node_modules:
  app/views/layouts/application.html.erb:9:in `_app_views_layouts_application_html_erb__766840945675202919_70253395389840'
  app/controllers/static_pages_controller.rb:4:in `root'

Started POST "/__better_errors/d0e820a0d6cc308c/variables" for ::1 at 2019-12-26 19:18:22 -0500
Started GET "/" for ::1 at 2019-12-26 19:22:19 -0500
Processing by StaticPagesController#root as HTML
  Rendering static_pages/index.html.erb within layouts/application
  Rendered static_pages/index.html.erb within layouts/application (3.3ms)
Completed 200 OK in 322ms (Views: 317.0ms | ActiveRecord: 0.0ms)


Started GET "/api/todos" for ::1 at 2019-12-26 19:25:48 -0500
Processing by Api::TodosController#index as JSON
  [1m[36mTodo Load (22.6ms)[0m  [1m[34mSELECT "todos".* FROM "todos"[0m
  ↳ app/controllers/api/todos_controller.rb:8
Completed 200 OK in 149ms (Views: 43.0ms | ActiveRecord: 79.2ms)


Started GET "/api/todos/4" for ::1 at 2019-12-26 19:26:35 -0500
Processing by Api::TodosController#show as JSON
  Parameters: {"id"=>"4"}
  [1m[36mTodo Load (4.2ms)[0m  [1m[34mSELECT  "todos".* FROM "todos" WHERE "todos"."id" = $1 LIMIT $2[0m  [["id", 4], ["LIMIT", 1]]
  ↳ app/controllers/api/todos_controller.rb:4
Completed 200 OK in 37ms (Views: 1.5ms | ActiveRecord: 4.6ms)


Started GET "/" for ::1 at 2019-12-26 19:26:52 -0500
Processing by StaticPagesController#root as HTML
  Rendering static_pages/index.html.erb within layouts/application
  Rendered static_pages/index.html.erb within layouts/application (0.6ms)
Completed 200 OK in 77ms (Views: 76.6ms | ActiveRecord: 0.0ms)


